19-03-2022 01:07:18.568[SpringApplicationShutdownHook]INFO o.s.o.j.LocalContainerEntityManagerFactoryBean.destroy - Closing JPA EntityManagerFactory for persistence unit 'default'
19-03-2022 01:07:18.576[SpringApplicationShutdownHook]INFO c.z.h.HikariDataSource.close - HikariPool-1 - Shutdown initiated...
19-03-2022 01:07:18.585[SpringApplicationShutdownHook]INFO c.z.h.HikariDataSource.close - HikariPool-1 - Shutdown completed.
19-03-2022 13:02:00.444[background-preinit]INFO o.h.v.i.u.Version.<clinit> - HV000001: Hibernate Validator 6.2.2.Final
19-03-2022 13:02:00.449[main]INFO c.s.b.BitirmeApplication.logStarting - Starting BitirmeApplication using Java 14 on DESKTOP-HS25IL7 with PID 12384 (D:\Patika Softtech\bitirmeprojesi-batuhanbay\bitirme\target\classes started by bayog in D:\Patika Softtech\bitirmeprojesi-batuhanbay)
19-03-2022 13:02:00.451[main]INFO c.s.b.BitirmeApplication.logStartupProfileInfo - No active profile set, falling back to 1 default profile: "default"
19-03-2022 13:02:01.852[main]INFO o.s.d.r.c.RepositoryConfigurationDelegate.registerRepositoriesIn - Bootstrapping Spring Data JPA repositories in DEFAULT mode.
19-03-2022 13:02:02.040[main]INFO o.s.d.r.c.RepositoryConfigurationDelegate.registerRepositoriesIn - Finished Spring Data repository scanning in 169 ms. Found 3 JPA repository interfaces.
19-03-2022 13:02:02.866[main]INFO o.s.b.w.e.t.TomcatWebServer.initialize - Tomcat initialized with port(s): 8080 (http)
19-03-2022 13:02:02.878[main]INFO o.a.c.h.Http11NioProtocol.log - Initializing ProtocolHandler ["http-nio-8080"]
19-03-2022 13:02:02.879[main]INFO o.a.c.c.StandardService.log - Starting service [Tomcat]
19-03-2022 13:02:02.880[main]INFO o.a.c.c.StandardEngine.log - Starting Servlet engine: [Apache Tomcat/9.0.58]
19-03-2022 13:02:03.054[main]INFO o.a.c.c.C.[.[.[/api/v1].log - Initializing Spring embedded WebApplicationContext
19-03-2022 13:02:03.054[main]INFO o.s.b.w.s.c.ServletWebServerApplicationContext.prepareWebApplicationContext - Root WebApplicationContext: initialization completed in 2547 ms
19-03-2022 13:02:03.343[main]INFO o.h.j.i.u.LogHelper.logPersistenceUnitInformation - HHH000204: Processing PersistenceUnitInfo [name: default]
19-03-2022 13:02:03.436[main]INFO o.h.Version.logVersion - HHH000412: Hibernate ORM core version 5.6.5.Final
19-03-2022 13:02:03.632[main]INFO o.h.a.c.Version.<clinit> - HCANN000001: Hibernate Commons Annotations {5.1.2.Final}
19-03-2022 13:02:03.782[main]INFO c.z.h.HikariDataSource.getConnection - HikariPool-1 - Starting...
19-03-2022 13:02:04.364[main]INFO c.z.h.HikariDataSource.getConnection - HikariPool-1 - Start completed.
19-03-2022 13:02:04.396[main]INFO o.h.d.Dialect.<init> - HHH000400: Using dialect: org.hibernate.dialect.MySQL8Dialect
19-03-2022 13:02:05.291[main]INFO o.h.e.t.j.p.i.JtaPlatformInitiator.initiateService - HHH000490: Using JtaPlatform implementation: [org.hibernate.engine.transaction.jta.platform.internal.NoJtaPlatform]
19-03-2022 13:02:05.300[main]INFO o.s.o.j.LocalContainerEntityManagerFactoryBean.buildNativeEntityManagerFactory - Initialized JPA EntityManagerFactory for persistence unit 'default'
19-03-2022 13:02:05.825[main]WARN o.s.b.a.o.j.JpaBaseConfiguration$JpaWebConfiguration.openEntityManagerInViewInterceptor - spring.jpa.open-in-view is enabled by default. Therefore, database queries may be performed during view rendering. Explicitly configure spring.jpa.open-in-view to disable this warning
19-03-2022 13:02:06.277[main]INFO o.s.s.w.DefaultSecurityFilterChain.<init> - Will not secure any request
19-03-2022 13:02:07.712[main]INFO o.a.c.h.Http11NioProtocol.log - Starting ProtocolHandler ["http-nio-8080"]
19-03-2022 13:02:07.747[main]INFO o.s.b.w.e.t.TomcatWebServer.start - Tomcat started on port(s): 8080 (http) with context path '/api/v1'
19-03-2022 13:02:07.760[main]INFO c.s.b.BitirmeApplication.logStarted - Started BitirmeApplication in 7.888 seconds (JVM running for 10.708)
19-03-2022 13:02:42.181[http-nio-8080-exec-2]INFO o.a.c.c.C.[.[.[/api/v1].log - Initializing Spring DispatcherServlet 'dispatcherServlet'
19-03-2022 13:02:42.181[http-nio-8080-exec-2]INFO o.s.w.s.DispatcherServlet.initServletBean - Initializing Servlet 'dispatcherServlet'
19-03-2022 13:02:42.183[http-nio-8080-exec-2]INFO o.s.w.s.DispatcherServlet.initServletBean - Completed initialization in 1 ms
19-03-2022 13:02:43.528[http-nio-8080-exec-6]INFO o.s.a.AbstractOpenApiResource.getOpenApi - Init duration for springdoc-openapi is: 511 ms
19-03-2022 13:08:03.001[SpringApplicationShutdownHook]INFO o.s.o.j.LocalContainerEntityManagerFactoryBean.destroy - Closing JPA EntityManagerFactory for persistence unit 'default'
19-03-2022 13:08:03.011[SpringApplicationShutdownHook]INFO c.z.h.HikariDataSource.close - HikariPool-1 - Shutdown initiated...
19-03-2022 13:08:03.043[SpringApplicationShutdownHook]INFO c.z.h.HikariDataSource.close - HikariPool-1 - Shutdown completed.
19-03-2022 13:08:12.769[background-preinit]INFO o.h.v.i.u.Version.<clinit> - HV000001: Hibernate Validator 6.2.2.Final
19-03-2022 13:08:12.769[main]INFO c.s.b.BitirmeApplication.logStarting - Starting BitirmeApplication using Java 14 on DESKTOP-HS25IL7 with PID 9732 (D:\Patika Softtech\bitirmeprojesi-batuhanbay\bitirme\target\classes started by bayog in D:\Patika Softtech\bitirmeprojesi-batuhanbay)
19-03-2022 13:08:12.773[main]INFO c.s.b.BitirmeApplication.logStartupProfileInfo - No active profile set, falling back to 1 default profile: "default"
19-03-2022 13:08:13.870[main]INFO o.s.d.r.c.RepositoryConfigurationDelegate.registerRepositoriesIn - Bootstrapping Spring Data JPA repositories in DEFAULT mode.
19-03-2022 13:08:13.961[main]INFO o.s.d.r.c.RepositoryConfigurationDelegate.registerRepositoriesIn - Finished Spring Data repository scanning in 83 ms. Found 3 JPA repository interfaces.
19-03-2022 13:08:14.547[main]INFO o.s.b.w.e.t.TomcatWebServer.initialize - Tomcat initialized with port(s): 8080 (http)
19-03-2022 13:08:14.555[main]INFO o.a.c.h.Http11NioProtocol.log - Initializing ProtocolHandler ["http-nio-8080"]
19-03-2022 13:08:14.556[main]INFO o.a.c.c.StandardService.log - Starting service [Tomcat]
19-03-2022 13:08:14.556[main]INFO o.a.c.c.StandardEngine.log - Starting Servlet engine: [Apache Tomcat/9.0.58]
19-03-2022 13:08:14.703[main]INFO o.a.c.c.C.[.[.[/api/v1].log - Initializing Spring embedded WebApplicationContext
19-03-2022 13:08:14.703[main]INFO o.s.b.w.s.c.ServletWebServerApplicationContext.prepareWebApplicationContext - Root WebApplicationContext: initialization completed in 1869 ms
19-03-2022 13:08:14.907[main]INFO o.h.j.i.u.LogHelper.logPersistenceUnitInformation - HHH000204: Processing PersistenceUnitInfo [name: default]
19-03-2022 13:08:14.969[main]INFO o.h.Version.logVersion - HHH000412: Hibernate ORM core version 5.6.5.Final
19-03-2022 13:08:15.111[main]INFO o.h.a.c.Version.<clinit> - HCANN000001: Hibernate Commons Annotations {5.1.2.Final}
19-03-2022 13:08:15.247[main]INFO c.z.h.HikariDataSource.getConnection - HikariPool-1 - Starting...
19-03-2022 13:08:15.654[main]INFO c.z.h.HikariDataSource.getConnection - HikariPool-1 - Start completed.
19-03-2022 13:08:15.674[main]INFO o.h.d.Dialect.<init> - HHH000400: Using dialect: org.hibernate.dialect.MySQL8Dialect
19-03-2022 13:08:16.374[main]INFO o.h.e.t.j.p.i.JtaPlatformInitiator.initiateService - HHH000490: Using JtaPlatform implementation: [org.hibernate.engine.transaction.jta.platform.internal.NoJtaPlatform]
19-03-2022 13:08:16.387[main]INFO o.s.o.j.LocalContainerEntityManagerFactoryBean.buildNativeEntityManagerFactory - Initialized JPA EntityManagerFactory for persistence unit 'default'
19-03-2022 13:08:16.815[main]WARN o.s.b.a.o.j.JpaBaseConfiguration$JpaWebConfiguration.openEntityManagerInViewInterceptor - spring.jpa.open-in-view is enabled by default. Therefore, database queries may be performed during view rendering. Explicitly configure spring.jpa.open-in-view to disable this warning
19-03-2022 13:08:17.174[main]INFO o.s.s.w.DefaultSecurityFilterChain.<init> - Will not secure any request
19-03-2022 13:08:18.256[main]INFO o.a.c.h.Http11NioProtocol.log - Starting ProtocolHandler ["http-nio-8080"]
19-03-2022 13:08:18.284[main]INFO o.s.b.w.e.t.TomcatWebServer.start - Tomcat started on port(s): 8080 (http) with context path '/api/v1'
19-03-2022 13:08:18.295[main]INFO c.s.b.BitirmeApplication.logStarted - Started BitirmeApplication in 6.312 seconds (JVM running for 8.385)
19-03-2022 13:08:21.471[http-nio-8080-exec-1]INFO o.a.c.c.C.[.[.[/api/v1].log - Initializing Spring DispatcherServlet 'dispatcherServlet'
19-03-2022 13:08:21.471[http-nio-8080-exec-1]INFO o.s.w.s.DispatcherServlet.initServletBean - Initializing Servlet 'dispatcherServlet'
19-03-2022 13:08:21.472[http-nio-8080-exec-1]INFO o.s.w.s.DispatcherServlet.initServletBean - Completed initialization in 1 ms
19-03-2022 13:08:22.965[http-nio-8080-exec-7]INFO o.s.a.AbstractOpenApiResource.getOpenApi - Init duration for springdoc-openapi is: 465 ms
19-03-2022 13:12:52.211[SpringApplicationShutdownHook]INFO o.s.o.j.LocalContainerEntityManagerFactoryBean.destroy - Closing JPA EntityManagerFactory for persistence unit 'default'
19-03-2022 13:12:52.214[SpringApplicationShutdownHook]INFO c.z.h.HikariDataSource.close - HikariPool-1 - Shutdown initiated...
19-03-2022 13:12:52.228[SpringApplicationShutdownHook]INFO c.z.h.HikariDataSource.close - HikariPool-1 - Shutdown completed.
19-03-2022 13:13:00.674[main]INFO c.s.b.BitirmeApplication.logStarting - Starting BitirmeApplication using Java 14 on DESKTOP-HS25IL7 with PID 9552 (D:\Patika Softtech\bitirmeprojesi-batuhanbay\bitirme\target\classes started by bayog in D:\Patika Softtech\bitirmeprojesi-batuhanbay)
19-03-2022 13:13:00.674[background-preinit]INFO o.h.v.i.u.Version.<clinit> - HV000001: Hibernate Validator 6.2.2.Final
19-03-2022 13:13:00.678[main]INFO c.s.b.BitirmeApplication.logStartupProfileInfo - No active profile set, falling back to 1 default profile: "default"
19-03-2022 13:13:01.969[main]INFO o.s.d.r.c.RepositoryConfigurationDelegate.registerRepositoriesIn - Bootstrapping Spring Data JPA repositories in DEFAULT mode.
19-03-2022 13:13:02.075[main]INFO o.s.d.r.c.RepositoryConfigurationDelegate.registerRepositoriesIn - Finished Spring Data repository scanning in 97 ms. Found 3 JPA repository interfaces.
19-03-2022 13:13:02.695[main]INFO o.s.b.w.e.t.TomcatWebServer.initialize - Tomcat initialized with port(s): 8080 (http)
19-03-2022 13:13:02.705[main]INFO o.a.c.h.Http11NioProtocol.log - Initializing ProtocolHandler ["http-nio-8080"]
19-03-2022 13:13:02.705[main]INFO o.a.c.c.StandardService.log - Starting service [Tomcat]
19-03-2022 13:13:02.705[main]INFO o.a.c.c.StandardEngine.log - Starting Servlet engine: [Apache Tomcat/9.0.58]
19-03-2022 13:13:02.876[main]INFO o.a.c.c.C.[.[.[/api/v1].log - Initializing Spring embedded WebApplicationContext
19-03-2022 13:13:02.876[main]INFO o.s.b.w.s.c.ServletWebServerApplicationContext.prepareWebApplicationContext - Root WebApplicationContext: initialization completed in 2042 ms
19-03-2022 13:13:03.060[main]INFO o.h.j.i.u.LogHelper.logPersistenceUnitInformation - HHH000204: Processing PersistenceUnitInfo [name: default]
19-03-2022 13:13:03.152[main]INFO o.h.Version.logVersion - HHH000412: Hibernate ORM core version 5.6.5.Final
19-03-2022 13:13:03.354[main]INFO o.h.a.c.Version.<clinit> - HCANN000001: Hibernate Commons Annotations {5.1.2.Final}
19-03-2022 13:13:03.496[main]INFO c.z.h.HikariDataSource.getConnection - HikariPool-1 - Starting...
19-03-2022 13:13:03.886[main]INFO c.z.h.HikariDataSource.getConnection - HikariPool-1 - Start completed.
19-03-2022 13:13:03.904[main]INFO o.h.d.Dialect.<init> - HHH000400: Using dialect: org.hibernate.dialect.MySQL8Dialect
19-03-2022 13:13:04.563[main]INFO o.h.e.t.j.p.i.JtaPlatformInitiator.initiateService - HHH000490: Using JtaPlatform implementation: [org.hibernate.engine.transaction.jta.platform.internal.NoJtaPlatform]
19-03-2022 13:13:04.571[main]INFO o.s.o.j.LocalContainerEntityManagerFactoryBean.buildNativeEntityManagerFactory - Initialized JPA EntityManagerFactory for persistence unit 'default'
19-03-2022 13:13:05.005[main]WARN o.s.b.a.o.j.JpaBaseConfiguration$JpaWebConfiguration.openEntityManagerInViewInterceptor - spring.jpa.open-in-view is enabled by default. Therefore, database queries may be performed during view rendering. Explicitly configure spring.jpa.open-in-view to disable this warning
19-03-2022 13:13:05.462[main]INFO o.s.s.w.DefaultSecurityFilterChain.<init> - Will not secure any request
19-03-2022 13:13:06.800[main]INFO o.a.c.h.Http11NioProtocol.log - Starting ProtocolHandler ["http-nio-8080"]
19-03-2022 13:13:06.826[main]INFO o.s.b.w.e.t.TomcatWebServer.start - Tomcat started on port(s): 8080 (http) with context path '/api/v1'
19-03-2022 13:13:06.844[main]INFO c.s.b.BitirmeApplication.logStarted - Started BitirmeApplication in 7.144 seconds (JVM running for 9.192)
19-03-2022 13:13:20.072[http-nio-8080-exec-1]INFO o.a.c.c.C.[.[.[/api/v1].log - Initializing Spring DispatcherServlet 'dispatcherServlet'
19-03-2022 13:13:20.072[http-nio-8080-exec-1]INFO o.s.w.s.DispatcherServlet.initServletBean - Initializing Servlet 'dispatcherServlet'
19-03-2022 13:13:20.074[http-nio-8080-exec-1]INFO o.s.w.s.DispatcherServlet.initServletBean - Completed initialization in 2 ms
19-03-2022 13:13:20.252[http-nio-8080-exec-1]ERRORo.a.c.c.C.[.[.[.[dispatcherServlet].log - Servlet.service() for servlet [dispatcherServlet] in context with path [/api/v1] threw exception
com.softtechbootcamp.bitirme.app.gen.exceptions.EntityNotFoundExceptions: null
	at com.softtechbootcamp.bitirme.app.gen.service.BaseEntityService.lambda$findByIdWithControl$0(BaseEntityService.java:37)
	at java.base/java.util.Optional.orElseThrow(Optional.java:401)
	at com.softtechbootcamp.bitirme.app.gen.service.BaseEntityService.findByIdWithControl(BaseEntityService.java:37)
	at com.softtechbootcamp.bitirme.app.sec.security.JwtUserDetailsService.loadUserByUserId(JwtUserDetailsService.java:28)
	at com.softtechbootcamp.bitirme.app.sec.security.JwtAuthenticationFilter.doFilterInternal(JwtAuthenticationFilter.java:39)
	at org.springframework.web.filter.OncePerRequestFilter.doFilter(OncePerRequestFilter.java:117)
	at org.springframework.security.web.FilterChainProxy$VirtualFilterChain.doFilter(FilterChainProxy.java:336)
	at org.springframework.security.web.authentication.logout.LogoutFilter.doFilter(LogoutFilter.java:103)
	at org.springframework.security.web.authentication.logout.LogoutFilter.doFilter(LogoutFilter.java:89)
	at org.springframework.security.web.FilterChainProxy$VirtualFilterChain.doFilter(FilterChainProxy.java:336)
	at org.springframework.web.filter.CorsFilter.doFilterInternal(CorsFilter.java:91)
	at org.springframework.web.filter.OncePerRequestFilter.doFilter(OncePerRequestFilter.java:117)
	at org.springframework.security.web.FilterChainProxy$VirtualFilterChain.doFilter(FilterChainProxy.java:336)
	at org.springframework.security.web.header.HeaderWriterFilter.doHeadersAfter(HeaderWriterFilter.java:90)
	at org.springframework.security.web.header.HeaderWriterFilter.doFilterInternal(HeaderWriterFilter.java:75)
	at org.springframework.web.filter.OncePerRequestFilter.doFilter(OncePerRequestFilter.java:117)
	at org.springframework.security.web.FilterChainProxy$VirtualFilterChain.doFilter(FilterChainProxy.java:336)
	at org.springframework.security.web.context.SecurityContextPersistenceFilter.doFilter(SecurityContextPersistenceFilter.java:110)
	at org.springframework.security.web.context.SecurityContextPersistenceFilter.doFilter(SecurityContextPersistenceFilter.java:80)
	at org.springframework.security.web.FilterChainProxy$VirtualFilterChain.doFilter(FilterChainProxy.java:336)
	at org.springframework.security.web.context.request.async.WebAsyncManagerIntegrationFilter.doFilterInternal(WebAsyncManagerIntegrationFilter.java:55)
	at org.springframework.web.filter.OncePerRequestFilter.doFilter(OncePerRequestFilter.java:117)
	at org.springframework.security.web.FilterChainProxy$VirtualFilterChain.doFilter(FilterChainProxy.java:336)
	at org.springframework.security.web.FilterChainProxy.doFilterInternal(FilterChainProxy.java:211)
	at org.springframework.security.web.FilterChainProxy.doFilter(FilterChainProxy.java:183)
	at org.springframework.web.filter.DelegatingFilterProxy.invokeDelegate(DelegatingFilterProxy.java:354)
	at org.springframework.web.filter.DelegatingFilterProxy.doFilter(DelegatingFilterProxy.java:267)
	at org.apache.catalina.core.ApplicationFilterChain.internalDoFilter(ApplicationFilterChain.java:189)
	at org.apache.catalina.core.ApplicationFilterChain.doFilter(ApplicationFilterChain.java:162)
	at org.springframework.web.filter.RequestContextFilter.doFilterInternal(RequestContextFilter.java:100)
	at org.springframework.web.filter.OncePerRequestFilter.doFilter(OncePerRequestFilter.java:117)
	at org.apache.catalina.core.ApplicationFilterChain.internalDoFilter(ApplicationFilterChain.java:189)
	at org.apache.catalina.core.ApplicationFilterChain.doFilter(ApplicationFilterChain.java:162)
	at org.springframework.web.filter.FormContentFilter.doFilterInternal(FormContentFilter.java:93)
	at org.springframework.web.filter.OncePerRequestFilter.doFilter(OncePerRequestFilter.java:117)
	at org.apache.catalina.core.ApplicationFilterChain.internalDoFilter(ApplicationFilterChain.java:189)
	at org.apache.catalina.core.ApplicationFilterChain.doFilter(ApplicationFilterChain.java:162)
	at org.springframework.web.filter.CharacterEncodingFilter.doFilterInternal(CharacterEncodingFilter.java:201)
	at org.springframework.web.filter.OncePerRequestFilter.doFilter(OncePerRequestFilter.java:117)
	at org.apache.catalina.core.ApplicationFilterChain.internalDoFilter(ApplicationFilterChain.java:189)
	at org.apache.catalina.core.ApplicationFilterChain.doFilter(ApplicationFilterChain.java:162)
	at org.apache.catalina.core.StandardWrapperValve.invoke(StandardWrapperValve.java:197)
	at org.apache.catalina.core.StandardContextValve.invoke(StandardContextValve.java:97)
	at org.apache.catalina.authenticator.AuthenticatorBase.invoke(AuthenticatorBase.java:540)
	at org.apache.catalina.core.StandardHostValve.invoke(StandardHostValve.java:135)
	at org.apache.catalina.valves.ErrorReportValve.invoke(ErrorReportValve.java:92)
	at org.apache.catalina.core.StandardEngineValve.invoke(StandardEngineValve.java:78)
	at org.apache.catalina.connector.CoyoteAdapter.service(CoyoteAdapter.java:359)
	at org.apache.coyote.http11.Http11Processor.service(Http11Processor.java:399)
	at org.apache.coyote.AbstractProcessorLight.process(AbstractProcessorLight.java:65)
	at org.apache.coyote.AbstractProtocol$ConnectionHandler.process(AbstractProtocol.java:889)
	at org.apache.tomcat.util.net.NioEndpoint$SocketProcessor.doRun(NioEndpoint.java:1735)
	at org.apache.tomcat.util.net.SocketProcessorBase.run(SocketProcessorBase.java:49)
	at org.apache.tomcat.util.threads.ThreadPoolExecutor.runWorker(ThreadPoolExecutor.java:1191)
	at org.apache.tomcat.util.threads.ThreadPoolExecutor$Worker.run(ThreadPoolExecutor.java:659)
	at org.apache.tomcat.util.threads.TaskThread$WrappingRunnable.run(TaskThread.java:61)
	at java.base/java.lang.Thread.run(Thread.java:832)
19-03-2022 13:13:35.048[http-nio-8080-exec-3]ERRORo.a.c.c.C.[.[.[.[dispatcherServlet].log - Servlet.service() for servlet [dispatcherServlet] in context with path [/api/v1] threw exception
com.softtechbootcamp.bitirme.app.gen.exceptions.EntityNotFoundExceptions: null
	at com.softtechbootcamp.bitirme.app.gen.service.BaseEntityService.lambda$findByIdWithControl$0(BaseEntityService.java:37)
	at java.base/java.util.Optional.orElseThrow(Optional.java:401)
	at com.softtechbootcamp.bitirme.app.gen.service.BaseEntityService.findByIdWithControl(BaseEntityService.java:37)
	at com.softtechbootcamp.bitirme.app.sec.security.JwtUserDetailsService.loadUserByUserId(JwtUserDetailsService.java:28)
	at com.softtechbootcamp.bitirme.app.sec.security.JwtAuthenticationFilter.doFilterInternal(JwtAuthenticationFilter.java:39)
	at org.springframework.web.filter.OncePerRequestFilter.doFilter(OncePerRequestFilter.java:117)
	at org.springframework.security.web.FilterChainProxy$VirtualFilterChain.doFilter(FilterChainProxy.java:336)
	at org.springframework.security.web.authentication.logout.LogoutFilter.doFilter(LogoutFilter.java:103)
	at org.springframework.security.web.authentication.logout.LogoutFilter.doFilter(LogoutFilter.java:89)
	at org.springframework.security.web.FilterChainProxy$VirtualFilterChain.doFilter(FilterChainProxy.java:336)
	at org.springframework.web.filter.CorsFilter.doFilterInternal(CorsFilter.java:91)
	at org.springframework.web.filter.OncePerRequestFilter.doFilter(OncePerRequestFilter.java:117)
	at org.springframework.security.web.FilterChainProxy$VirtualFilterChain.doFilter(FilterChainProxy.java:336)
	at org.springframework.security.web.header.HeaderWriterFilter.doHeadersAfter(HeaderWriterFilter.java:90)
	at org.springframework.security.web.header.HeaderWriterFilter.doFilterInternal(HeaderWriterFilter.java:75)
	at org.springframework.web.filter.OncePerRequestFilter.doFilter(OncePerRequestFilter.java:117)
	at org.springframework.security.web.FilterChainProxy$VirtualFilterChain.doFilter(FilterChainProxy.java:336)
	at org.springframework.security.web.context.SecurityContextPersistenceFilter.doFilter(SecurityContextPersistenceFilter.java:110)
	at org.springframework.security.web.context.SecurityContextPersistenceFilter.doFilter(SecurityContextPersistenceFilter.java:80)
	at org.springframework.security.web.FilterChainProxy$VirtualFilterChain.doFilter(FilterChainProxy.java:336)
	at org.springframework.security.web.context.request.async.WebAsyncManagerIntegrationFilter.doFilterInternal(WebAsyncManagerIntegrationFilter.java:55)
	at org.springframework.web.filter.OncePerRequestFilter.doFilter(OncePerRequestFilter.java:117)
	at org.springframework.security.web.FilterChainProxy$VirtualFilterChain.doFilter(FilterChainProxy.java:336)
	at org.springframework.security.web.FilterChainProxy.doFilterInternal(FilterChainProxy.java:211)
	at org.springframework.security.web.FilterChainProxy.doFilter(FilterChainProxy.java:183)
	at org.springframework.web.filter.DelegatingFilterProxy.invokeDelegate(DelegatingFilterProxy.java:354)
	at org.springframework.web.filter.DelegatingFilterProxy.doFilter(DelegatingFilterProxy.java:267)
	at org.apache.catalina.core.ApplicationFilterChain.internalDoFilter(ApplicationFilterChain.java:189)
	at org.apache.catalina.core.ApplicationFilterChain.doFilter(ApplicationFilterChain.java:162)
	at org.springframework.web.filter.RequestContextFilter.doFilterInternal(RequestContextFilter.java:100)
	at org.springframework.web.filter.OncePerRequestFilter.doFilter(OncePerRequestFilter.java:117)
	at org.apache.catalina.core.ApplicationFilterChain.internalDoFilter(ApplicationFilterChain.java:189)
	at org.apache.catalina.core.ApplicationFilterChain.doFilter(ApplicationFilterChain.java:162)
	at org.springframework.web.filter.FormContentFilter.doFilterInternal(FormContentFilter.java:93)
	at org.springframework.web.filter.OncePerRequestFilter.doFilter(OncePerRequestFilter.java:117)
	at org.apache.catalina.core.ApplicationFilterChain.internalDoFilter(ApplicationFilterChain.java:189)
	at org.apache.catalina.core.ApplicationFilterChain.doFilter(ApplicationFilterChain.java:162)
	at org.springframework.web.filter.CharacterEncodingFilter.doFilterInternal(CharacterEncodingFilter.java:201)
	at org.springframework.web.filter.OncePerRequestFilter.doFilter(OncePerRequestFilter.java:117)
	at org.apache.catalina.core.ApplicationFilterChain.internalDoFilter(ApplicationFilterChain.java:189)
	at org.apache.catalina.core.ApplicationFilterChain.doFilter(ApplicationFilterChain.java:162)
	at org.apache.catalina.core.StandardWrapperValve.invoke(StandardWrapperValve.java:197)
	at org.apache.catalina.core.StandardContextValve.invoke(StandardContextValve.java:97)
	at org.apache.catalina.authenticator.AuthenticatorBase.invoke(AuthenticatorBase.java:540)
	at org.apache.catalina.core.StandardHostValve.invoke(StandardHostValve.java:135)
	at org.apache.catalina.valves.ErrorReportValve.invoke(ErrorReportValve.java:92)
	at org.apache.catalina.core.StandardEngineValve.invoke(StandardEngineValve.java:78)
	at org.apache.catalina.connector.CoyoteAdapter.service(CoyoteAdapter.java:359)
	at org.apache.coyote.http11.Http11Processor.service(Http11Processor.java:399)
	at org.apache.coyote.AbstractProcessorLight.process(AbstractProcessorLight.java:65)
	at org.apache.coyote.AbstractProtocol$ConnectionHandler.process(AbstractProtocol.java:889)
	at org.apache.tomcat.util.net.NioEndpoint$SocketProcessor.doRun(NioEndpoint.java:1735)
	at org.apache.tomcat.util.net.SocketProcessorBase.run(SocketProcessorBase.java:49)
	at org.apache.tomcat.util.threads.ThreadPoolExecutor.runWorker(ThreadPoolExecutor.java:1191)
	at org.apache.tomcat.util.threads.ThreadPoolExecutor$Worker.run(ThreadPoolExecutor.java:659)
	at org.apache.tomcat.util.threads.TaskThread$WrappingRunnable.run(TaskThread.java:61)
	at java.base/java.lang.Thread.run(Thread.java:832)
19-03-2022 13:14:05.980[http-nio-8080-exec-5]ERRORo.a.c.c.C.[.[.[.[dispatcherServlet].log - Servlet.service() for servlet [dispatcherServlet] in context with path [/api/v1] threw exception
com.softtechbootcamp.bitirme.app.gen.exceptions.EntityNotFoundExceptions: null
	at com.softtechbootcamp.bitirme.app.gen.service.BaseEntityService.lambda$findByIdWithControl$0(BaseEntityService.java:37)
	at java.base/java.util.Optional.orElseThrow(Optional.java:401)
	at com.softtechbootcamp.bitirme.app.gen.service.BaseEntityService.findByIdWithControl(BaseEntityService.java:37)
	at com.softtechbootcamp.bitirme.app.sec.security.JwtUserDetailsService.loadUserByUserId(JwtUserDetailsService.java:28)
	at com.softtechbootcamp.bitirme.app.sec.security.JwtAuthenticationFilter.doFilterInternal(JwtAuthenticationFilter.java:39)
	at org.springframework.web.filter.OncePerRequestFilter.doFilter(OncePerRequestFilter.java:117)
	at org.springframework.security.web.FilterChainProxy$VirtualFilterChain.doFilter(FilterChainProxy.java:336)
	at org.springframework.security.web.authentication.logout.LogoutFilter.doFilter(LogoutFilter.java:103)
	at org.springframework.security.web.authentication.logout.LogoutFilter.doFilter(LogoutFilter.java:89)
	at org.springframework.security.web.FilterChainProxy$VirtualFilterChain.doFilter(FilterChainProxy.java:336)
	at org.springframework.web.filter.CorsFilter.doFilterInternal(CorsFilter.java:91)
	at org.springframework.web.filter.OncePerRequestFilter.doFilter(OncePerRequestFilter.java:117)
	at org.springframework.security.web.FilterChainProxy$VirtualFilterChain.doFilter(FilterChainProxy.java:336)
	at org.springframework.security.web.header.HeaderWriterFilter.doHeadersAfter(HeaderWriterFilter.java:90)
	at org.springframework.security.web.header.HeaderWriterFilter.doFilterInternal(HeaderWriterFilter.java:75)
	at org.springframework.web.filter.OncePerRequestFilter.doFilter(OncePerRequestFilter.java:117)
	at org.springframework.security.web.FilterChainProxy$VirtualFilterChain.doFilter(FilterChainProxy.java:336)
	at org.springframework.security.web.context.SecurityContextPersistenceFilter.doFilter(SecurityContextPersistenceFilter.java:110)
	at org.springframework.security.web.context.SecurityContextPersistenceFilter.doFilter(SecurityContextPersistenceFilter.java:80)
	at org.springframework.security.web.FilterChainProxy$VirtualFilterChain.doFilter(FilterChainProxy.java:336)
	at org.springframework.security.web.context.request.async.WebAsyncManagerIntegrationFilter.doFilterInternal(WebAsyncManagerIntegrationFilter.java:55)
	at org.springframework.web.filter.OncePerRequestFilter.doFilter(OncePerRequestFilter.java:117)
	at org.springframework.security.web.FilterChainProxy$VirtualFilterChain.doFilter(FilterChainProxy.java:336)
	at org.springframework.security.web.FilterChainProxy.doFilterInternal(FilterChainProxy.java:211)
	at org.springframework.security.web.FilterChainProxy.doFilter(FilterChainProxy.java:183)
	at org.springframework.web.filter.DelegatingFilterProxy.invokeDelegate(DelegatingFilterProxy.java:354)
	at org.springframework.web.filter.DelegatingFilterProxy.doFilter(DelegatingFilterProxy.java:267)
	at org.apache.catalina.core.ApplicationFilterChain.internalDoFilter(ApplicationFilterChain.java:189)
	at org.apache.catalina.core.ApplicationFilterChain.doFilter(ApplicationFilterChain.java:162)
	at org.springframework.web.filter.RequestContextFilter.doFilterInternal(RequestContextFilter.java:100)
	at org.springframework.web.filter.OncePerRequestFilter.doFilter(OncePerRequestFilter.java:117)
	at org.apache.catalina.core.ApplicationFilterChain.internalDoFilter(ApplicationFilterChain.java:189)
	at org.apache.catalina.core.ApplicationFilterChain.doFilter(ApplicationFilterChain.java:162)
	at org.springframework.web.filter.FormContentFilter.doFilterInternal(FormContentFilter.java:93)
	at org.springframework.web.filter.OncePerRequestFilter.doFilter(OncePerRequestFilter.java:117)
	at org.apache.catalina.core.ApplicationFilterChain.internalDoFilter(ApplicationFilterChain.java:189)
	at org.apache.catalina.core.ApplicationFilterChain.doFilter(ApplicationFilterChain.java:162)
	at org.springframework.web.filter.CharacterEncodingFilter.doFilterInternal(CharacterEncodingFilter.java:201)
	at org.springframework.web.filter.OncePerRequestFilter.doFilter(OncePerRequestFilter.java:117)
	at org.apache.catalina.core.ApplicationFilterChain.internalDoFilter(ApplicationFilterChain.java:189)
	at org.apache.catalina.core.ApplicationFilterChain.doFilter(ApplicationFilterChain.java:162)
	at org.apache.catalina.core.StandardWrapperValve.invoke(StandardWrapperValve.java:197)
	at org.apache.catalina.core.StandardContextValve.invoke(StandardContextValve.java:97)
	at org.apache.catalina.authenticator.AuthenticatorBase.invoke(AuthenticatorBase.java:540)
	at org.apache.catalina.core.StandardHostValve.invoke(StandardHostValve.java:135)
	at org.apache.catalina.valves.ErrorReportValve.invoke(ErrorReportValve.java:92)
	at org.apache.catalina.core.StandardEngineValve.invoke(StandardEngineValve.java:78)
	at org.apache.catalina.connector.CoyoteAdapter.service(CoyoteAdapter.java:359)
	at org.apache.coyote.http11.Http11Processor.service(Http11Processor.java:399)
	at org.apache.coyote.AbstractProcessorLight.process(AbstractProcessorLight.java:65)
	at org.apache.coyote.AbstractProtocol$ConnectionHandler.process(AbstractProtocol.java:889)
	at org.apache.tomcat.util.net.NioEndpoint$SocketProcessor.doRun(NioEndpoint.java:1735)
	at org.apache.tomcat.util.net.SocketProcessorBase.run(SocketProcessorBase.java:49)
	at org.apache.tomcat.util.threads.ThreadPoolExecutor.runWorker(ThreadPoolExecutor.java:1191)
	at org.apache.tomcat.util.threads.ThreadPoolExecutor$Worker.run(ThreadPoolExecutor.java:659)
	at org.apache.tomcat.util.threads.TaskThread$WrappingRunnable.run(TaskThread.java:61)
	at java.base/java.lang.Thread.run(Thread.java:832)
19-03-2022 13:14:34.492[http-nio-8080-exec-7]ERRORo.a.c.c.C.[.[.[.[dispatcherServlet].log - Servlet.service() for servlet [dispatcherServlet] in context with path [/api/v1] threw exception
com.softtechbootcamp.bitirme.app.gen.exceptions.EntityNotFoundExceptions: null
	at com.softtechbootcamp.bitirme.app.gen.service.BaseEntityService.lambda$findByIdWithControl$0(BaseEntityService.java:37)
	at java.base/java.util.Optional.orElseThrow(Optional.java:401)
	at com.softtechbootcamp.bitirme.app.gen.service.BaseEntityService.findByIdWithControl(BaseEntityService.java:37)
	at com.softtechbootcamp.bitirme.app.sec.security.JwtUserDetailsService.loadUserByUserId(JwtUserDetailsService.java:28)
	at com.softtechbootcamp.bitirme.app.sec.security.JwtAuthenticationFilter.doFilterInternal(JwtAuthenticationFilter.java:39)
	at org.springframework.web.filter.OncePerRequestFilter.doFilter(OncePerRequestFilter.java:117)
	at org.springframework.security.web.FilterChainProxy$VirtualFilterChain.doFilter(FilterChainProxy.java:336)
	at org.springframework.security.web.authentication.logout.LogoutFilter.doFilter(LogoutFilter.java:103)
	at org.springframework.security.web.authentication.logout.LogoutFilter.doFilter(LogoutFilter.java:89)
	at org.springframework.security.web.FilterChainProxy$VirtualFilterChain.doFilter(FilterChainProxy.java:336)
	at org.springframework.web.filter.CorsFilter.doFilterInternal(CorsFilter.java:91)
	at org.springframework.web.filter.OncePerRequestFilter.doFilter(OncePerRequestFilter.java:117)
	at org.springframework.security.web.FilterChainProxy$VirtualFilterChain.doFilter(FilterChainProxy.java:336)
	at org.springframework.security.web.header.HeaderWriterFilter.doHeadersAfter(HeaderWriterFilter.java:90)
	at org.springframework.security.web.header.HeaderWriterFilter.doFilterInternal(HeaderWriterFilter.java:75)
	at org.springframework.web.filter.OncePerRequestFilter.doFilter(OncePerRequestFilter.java:117)
	at org.springframework.security.web.FilterChainProxy$VirtualFilterChain.doFilter(FilterChainProxy.java:336)
	at org.springframework.security.web.context.SecurityContextPersistenceFilter.doFilter(SecurityContextPersistenceFilter.java:110)
	at org.springframework.security.web.context.SecurityContextPersistenceFilter.doFilter(SecurityContextPersistenceFilter.java:80)
	at org.springframework.security.web.FilterChainProxy$VirtualFilterChain.doFilter(FilterChainProxy.java:336)
	at org.springframework.security.web.context.request.async.WebAsyncManagerIntegrationFilter.doFilterInternal(WebAsyncManagerIntegrationFilter.java:55)
	at org.springframework.web.filter.OncePerRequestFilter.doFilter(OncePerRequestFilter.java:117)
	at org.springframework.security.web.FilterChainProxy$VirtualFilterChain.doFilter(FilterChainProxy.java:336)
	at org.springframework.security.web.FilterChainProxy.doFilterInternal(FilterChainProxy.java:211)
	at org.springframework.security.web.FilterChainProxy.doFilter(FilterChainProxy.java:183)
	at org.springframework.web.filter.DelegatingFilterProxy.invokeDelegate(DelegatingFilterProxy.java:354)
	at org.springframework.web.filter.DelegatingFilterProxy.doFilter(DelegatingFilterProxy.java:267)
	at org.apache.catalina.core.ApplicationFilterChain.internalDoFilter(ApplicationFilterChain.java:189)
	at org.apache.catalina.core.ApplicationFilterChain.doFilter(ApplicationFilterChain.java:162)
	at org.springframework.web.filter.RequestContextFilter.doFilterInternal(RequestContextFilter.java:100)
	at org.springframework.web.filter.OncePerRequestFilter.doFilter(OncePerRequestFilter.java:117)
	at org.apache.catalina.core.ApplicationFilterChain.internalDoFilter(ApplicationFilterChain.java:189)
	at org.apache.catalina.core.ApplicationFilterChain.doFilter(ApplicationFilterChain.java:162)
	at org.springframework.web.filter.FormContentFilter.doFilterInternal(FormContentFilter.java:93)
	at org.springframework.web.filter.OncePerRequestFilter.doFilter(OncePerRequestFilter.java:117)
	at org.apache.catalina.core.ApplicationFilterChain.internalDoFilter(ApplicationFilterChain.java:189)
	at org.apache.catalina.core.ApplicationFilterChain.doFilter(ApplicationFilterChain.java:162)
	at org.springframework.web.filter.CharacterEncodingFilter.doFilterInternal(CharacterEncodingFilter.java:201)
	at org.springframework.web.filter.OncePerRequestFilter.doFilter(OncePerRequestFilter.java:117)
	at org.apache.catalina.core.ApplicationFilterChain.internalDoFilter(ApplicationFilterChain.java:189)
	at org.apache.catalina.core.ApplicationFilterChain.doFilter(ApplicationFilterChain.java:162)
	at org.apache.catalina.core.StandardWrapperValve.invoke(StandardWrapperValve.java:197)
	at org.apache.catalina.core.StandardContextValve.invoke(StandardContextValve.java:97)
	at org.apache.catalina.authenticator.AuthenticatorBase.invoke(AuthenticatorBase.java:540)
	at org.apache.catalina.core.StandardHostValve.invoke(StandardHostValve.java:135)
	at org.apache.catalina.valves.ErrorReportValve.invoke(ErrorReportValve.java:92)
	at org.apache.catalina.core.StandardEngineValve.invoke(StandardEngineValve.java:78)
	at org.apache.catalina.connector.CoyoteAdapter.service(CoyoteAdapter.java:359)
	at org.apache.coyote.http11.Http11Processor.service(Http11Processor.java:399)
	at org.apache.coyote.AbstractProcessorLight.process(AbstractProcessorLight.java:65)
	at org.apache.coyote.AbstractProtocol$ConnectionHandler.process(AbstractProtocol.java:889)
	at org.apache.tomcat.util.net.NioEndpoint$SocketProcessor.doRun(NioEndpoint.java:1735)
	at org.apache.tomcat.util.net.SocketProcessorBase.run(SocketProcessorBase.java:49)
	at org.apache.tomcat.util.threads.ThreadPoolExecutor.runWorker(ThreadPoolExecutor.java:1191)
	at org.apache.tomcat.util.threads.ThreadPoolExecutor$Worker.run(ThreadPoolExecutor.java:659)
	at org.apache.tomcat.util.threads.TaskThread$WrappingRunnable.run(TaskThread.java:61)
	at java.base/java.lang.Thread.run(Thread.java:832)
19-03-2022 13:15:35.269[http-nio-8080-exec-9]INFO c.s.b.a.g.s.BaseEntityService.save - UsrUser is saved
19-03-2022 13:16:25.212[http-nio-8080-exec-5]ERRORc.s.b.a.g.e.ControllerExceptionHandler.handleEntityNotFoundExceptions - Message: Entities Could Not Found, Detail Message: There are not any saved entities., Error Code: bitirme-2-404
19-03-2022 13:18:50.580[http-nio-8080-exec-9]INFO c.s.b.a.g.s.BaseEntityService.save - UsrUser is saved
19-03-2022 13:19:08.336[http-nio-8080-exec-10]INFO c.s.b.a.g.s.BaseEntityService.save - UsrUser is saved
19-03-2022 13:24:22.787[http-nio-8080-exec-2]INFO c.s.b.a.g.s.BaseEntityService.save - PrtProductType is saved
19-03-2022 13:24:59.798[http-nio-8080-exec-4]ERRORc.s.b.a.g.e.ControllerExceptionHandler.handleMethodArgumentNotValid - Message: kdv field not valid, Detail Message: Kdv must be greater than 0!, Error Code: 400
19-03-2022 13:25:30.160[http-nio-8080-exec-5]ERRORc.s.b.a.g.e.ControllerExceptionHandler.handleEntityNotFoundExceptions - Message: Entities Not Found, Detail Message: There are not any product between minimum and maximum price, Error Code: bitirme-306-404
19-03-2022 13:26:14.587[http-nio-8080-exec-8]ERRORc.s.b.a.g.e.ControllerExceptionHandler.handleNotAcceptableExceptions - Message: Not Acceptable Parameter, Detail Message: Minimum price must be greater than 0, Error Code: bitirme-302-406
19-03-2022 13:26:41.609[http-nio-8080-exec-9]ERRORc.s.b.a.g.e.ControllerExceptionHandler.handleNotAcceptableExceptions - Message: Not Acceptable Parameter, Detail Message: Minimum price must be greater than 0, Error Code: bitirme-302-406
19-03-2022 13:26:48.381[SpringApplicationShutdownHook]INFO o.s.o.j.LocalContainerEntityManagerFactoryBean.destroy - Closing JPA EntityManagerFactory for persistence unit 'default'
19-03-2022 13:26:48.433[SpringApplicationShutdownHook]INFO c.z.h.HikariDataSource.close - HikariPool-1 - Shutdown initiated...
19-03-2022 13:26:48.485[SpringApplicationShutdownHook]INFO c.z.h.HikariDataSource.close - HikariPool-1 - Shutdown completed.
19-03-2022 13:26:58.214[background-preinit]INFO o.h.v.i.u.Version.<clinit> - HV000001: Hibernate Validator 6.2.2.Final
19-03-2022 13:26:58.214[main]INFO c.s.b.BitirmeApplication.logStarting - Starting BitirmeApplication using Java 14 on DESKTOP-HS25IL7 with PID 18144 (D:\Patika Softtech\bitirmeprojesi-batuhanbay\bitirme\target\classes started by bayog in D:\Patika Softtech\bitirmeprojesi-batuhanbay)
19-03-2022 13:26:58.218[main]INFO c.s.b.BitirmeApplication.logStartupProfileInfo - No active profile set, falling back to 1 default profile: "default"
19-03-2022 13:26:59.259[main]INFO o.s.d.r.c.RepositoryConfigurationDelegate.registerRepositoriesIn - Bootstrapping Spring Data JPA repositories in DEFAULT mode.
19-03-2022 13:26:59.350[main]INFO o.s.d.r.c.RepositoryConfigurationDelegate.registerRepositoriesIn - Finished Spring Data repository scanning in 76 ms. Found 3 JPA repository interfaces.
19-03-2022 13:26:59.914[main]INFO o.s.b.w.e.t.TomcatWebServer.initialize - Tomcat initialized with port(s): 8080 (http)
19-03-2022 13:26:59.922[main]INFO o.a.c.h.Http11NioProtocol.log - Initializing ProtocolHandler ["http-nio-8080"]
19-03-2022 13:26:59.923[main]INFO o.a.c.c.StandardService.log - Starting service [Tomcat]
19-03-2022 13:26:59.923[main]INFO o.a.c.c.StandardEngine.log - Starting Servlet engine: [Apache Tomcat/9.0.58]
19-03-2022 13:27:00.062[main]INFO o.a.c.c.C.[.[.[/api/v1].log - Initializing Spring embedded WebApplicationContext
19-03-2022 13:27:00.062[main]INFO o.s.b.w.s.c.ServletWebServerApplicationContext.prepareWebApplicationContext - Root WebApplicationContext: initialization completed in 1794 ms
19-03-2022 13:27:00.259[main]INFO o.h.j.i.u.LogHelper.logPersistenceUnitInformation - HHH000204: Processing PersistenceUnitInfo [name: default]
19-03-2022 13:27:00.316[main]INFO o.h.Version.logVersion - HHH000412: Hibernate ORM core version 5.6.5.Final
19-03-2022 13:27:00.481[main]INFO o.h.a.c.Version.<clinit> - HCANN000001: Hibernate Commons Annotations {5.1.2.Final}
19-03-2022 13:27:00.593[main]INFO c.z.h.HikariDataSource.getConnection - HikariPool-1 - Starting...
19-03-2022 13:27:00.946[main]INFO c.z.h.HikariDataSource.getConnection - HikariPool-1 - Start completed.
19-03-2022 13:27:00.964[main]INFO o.h.d.Dialect.<init> - HHH000400: Using dialect: org.hibernate.dialect.MySQL8Dialect
19-03-2022 13:27:01.635[main]INFO o.h.e.t.j.p.i.JtaPlatformInitiator.initiateService - HHH000490: Using JtaPlatform implementation: [org.hibernate.engine.transaction.jta.platform.internal.NoJtaPlatform]
19-03-2022 13:27:01.643[main]INFO o.s.o.j.LocalContainerEntityManagerFactoryBean.buildNativeEntityManagerFactory - Initialized JPA EntityManagerFactory for persistence unit 'default'
19-03-2022 13:27:02.029[main]WARN o.s.b.a.o.j.JpaBaseConfiguration$JpaWebConfiguration.openEntityManagerInViewInterceptor - spring.jpa.open-in-view is enabled by default. Therefore, database queries may be performed during view rendering. Explicitly configure spring.jpa.open-in-view to disable this warning
19-03-2022 13:27:02.379[main]INFO o.s.s.w.DefaultSecurityFilterChain.<init> - Will not secure any request
19-03-2022 13:27:03.499[main]INFO o.a.c.h.Http11NioProtocol.log - Starting ProtocolHandler ["http-nio-8080"]
19-03-2022 13:27:03.520[main]INFO o.s.b.w.e.t.TomcatWebServer.start - Tomcat started on port(s): 8080 (http) with context path '/api/v1'
19-03-2022 13:27:03.532[main]INFO c.s.b.BitirmeApplication.logStarted - Started BitirmeApplication in 5.918 seconds (JVM running for 7.586)
19-03-2022 13:27:07.117[http-nio-8080-exec-1]INFO o.a.c.c.C.[.[.[/api/v1].log - Initializing Spring DispatcherServlet 'dispatcherServlet'
19-03-2022 13:27:07.120[http-nio-8080-exec-1]INFO o.s.w.s.DispatcherServlet.initServletBean - Initializing Servlet 'dispatcherServlet'
19-03-2022 13:27:07.126[http-nio-8080-exec-1]INFO o.s.w.s.DispatcherServlet.initServletBean - Completed initialization in 4 ms
19-03-2022 13:27:07.659[http-nio-8080-exec-1]ERRORc.s.b.a.g.e.ControllerExceptionHandler.handleNotAcceptableExceptions - Message: Not Acceptable Parameter, Detail Message: Minimum price must be greater than 0, Error Code: bitirme-302-406
19-03-2022 13:27:39.347[http-nio-8080-exec-3]ERRORc.s.b.a.g.e.ControllerExceptionHandler.handleNotAcceptableExceptions - Message: Not Acceptable Parameter, Detail Message: Maximum price must be greater than 0, Error Code: bitirme-303-406
19-03-2022 13:27:57.832[SpringApplicationShutdownHook]INFO o.s.o.j.LocalContainerEntityManagerFactoryBean.destroy - Closing JPA EntityManagerFactory for persistence unit 'default'
19-03-2022 13:27:57.834[SpringApplicationShutdownHook]INFO c.z.h.HikariDataSource.close - HikariPool-1 - Shutdown initiated...
19-03-2022 13:27:57.848[SpringApplicationShutdownHook]INFO c.z.h.HikariDataSource.close - HikariPool-1 - Shutdown completed.
19-03-2022 13:28:11.986[background-preinit]INFO o.h.v.i.u.Version.<clinit> - HV000001: Hibernate Validator 6.2.2.Final
19-03-2022 13:28:11.985[main]INFO c.s.b.BitirmeApplication.logStarting - Starting BitirmeApplication using Java 14 on DESKTOP-HS25IL7 with PID 6472 (D:\Patika Softtech\bitirmeprojesi-batuhanbay\bitirme\target\classes started by bayog in D:\Patika Softtech\bitirmeprojesi-batuhanbay)
19-03-2022 13:28:11.990[main]INFO c.s.b.BitirmeApplication.logStartupProfileInfo - No active profile set, falling back to 1 default profile: "default"
19-03-2022 13:28:13.090[main]INFO o.s.d.r.c.RepositoryConfigurationDelegate.registerRepositoriesIn - Bootstrapping Spring Data JPA repositories in DEFAULT mode.
19-03-2022 13:28:13.170[main]INFO o.s.d.r.c.RepositoryConfigurationDelegate.registerRepositoriesIn - Finished Spring Data repository scanning in 73 ms. Found 3 JPA repository interfaces.
19-03-2022 13:28:14.041[main]INFO o.s.b.w.e.t.TomcatWebServer.initialize - Tomcat initialized with port(s): 8080 (http)
19-03-2022 13:28:14.048[main]INFO o.a.c.h.Http11NioProtocol.log - Initializing ProtocolHandler ["http-nio-8080"]
19-03-2022 13:28:14.049[main]INFO o.a.c.c.StandardService.log - Starting service [Tomcat]
19-03-2022 13:28:14.049[main]INFO o.a.c.c.StandardEngine.log - Starting Servlet engine: [Apache Tomcat/9.0.58]
19-03-2022 13:28:14.203[main]INFO o.a.c.c.C.[.[.[/api/v1].log - Initializing Spring embedded WebApplicationContext
19-03-2022 13:28:14.203[main]INFO o.s.b.w.s.c.ServletWebServerApplicationContext.prepareWebApplicationContext - Root WebApplicationContext: initialization completed in 2150 ms
19-03-2022 13:28:14.534[main]INFO o.h.j.i.u.LogHelper.logPersistenceUnitInformation - HHH000204: Processing PersistenceUnitInfo [name: default]
19-03-2022 13:28:14.704[main]INFO o.h.Version.logVersion - HHH000412: Hibernate ORM core version 5.6.5.Final
19-03-2022 13:28:14.897[main]INFO o.h.a.c.Version.<clinit> - HCANN000001: Hibernate Commons Annotations {5.1.2.Final}
19-03-2022 13:28:15.019[main]INFO c.z.h.HikariDataSource.getConnection - HikariPool-1 - Starting...
19-03-2022 13:28:15.366[main]INFO c.z.h.HikariDataSource.getConnection - HikariPool-1 - Start completed.
19-03-2022 13:28:15.385[main]INFO o.h.d.Dialect.<init> - HHH000400: Using dialect: org.hibernate.dialect.MySQL8Dialect
19-03-2022 13:28:16.066[main]INFO o.h.e.t.j.p.i.JtaPlatformInitiator.initiateService - HHH000490: Using JtaPlatform implementation: [org.hibernate.engine.transaction.jta.platform.internal.NoJtaPlatform]
19-03-2022 13:28:16.084[main]INFO o.s.o.j.LocalContainerEntityManagerFactoryBean.buildNativeEntityManagerFactory - Initialized JPA EntityManagerFactory for persistence unit 'default'
19-03-2022 13:28:16.595[main]WARN o.s.b.a.o.j.JpaBaseConfiguration$JpaWebConfiguration.openEntityManagerInViewInterceptor - spring.jpa.open-in-view is enabled by default. Therefore, database queries may be performed during view rendering. Explicitly configure spring.jpa.open-in-view to disable this warning
19-03-2022 13:28:17.041[main]INFO o.s.s.w.DefaultSecurityFilterChain.<init> - Will not secure any request
19-03-2022 13:28:18.766[main]INFO o.a.c.h.Http11NioProtocol.log - Starting ProtocolHandler ["http-nio-8080"]
19-03-2022 13:28:18.804[main]INFO o.s.b.w.e.t.TomcatWebServer.start - Tomcat started on port(s): 8080 (http) with context path '/api/v1'
19-03-2022 13:28:18.821[main]INFO c.s.b.BitirmeApplication.logStarted - Started BitirmeApplication in 7.503 seconds (JVM running for 8.994)
19-03-2022 13:28:21.962[http-nio-8080-exec-2]INFO o.a.c.c.C.[.[.[/api/v1].log - Initializing Spring DispatcherServlet 'dispatcherServlet'
19-03-2022 13:28:21.962[http-nio-8080-exec-2]INFO o.s.w.s.DispatcherServlet.initServletBean - Initializing Servlet 'dispatcherServlet'
19-03-2022 13:28:21.974[http-nio-8080-exec-2]INFO o.s.w.s.DispatcherServlet.initServletBean - Completed initialization in 12 ms
19-03-2022 13:28:22.607[http-nio-8080-exec-2]ERRORc.s.b.a.g.e.ControllerExceptionHandler.handleNotAcceptableExceptions - Message: Not Acceptable Parameter, Detail Message: Maximum price must be greater than 0, Error Code: bitirme-303-406
19-03-2022 13:28:42.030[SpringApplicationShutdownHook]INFO o.s.o.j.LocalContainerEntityManagerFactoryBean.destroy - Closing JPA EntityManagerFactory for persistence unit 'default'
19-03-2022 13:28:42.040[SpringApplicationShutdownHook]INFO c.z.h.HikariDataSource.close - HikariPool-1 - Shutdown initiated...
19-03-2022 13:28:42.077[SpringApplicationShutdownHook]INFO c.z.h.HikariDataSource.close - HikariPool-1 - Shutdown completed.
19-03-2022 13:28:52.403[main]INFO c.s.b.BitirmeApplication.logStarting - Starting BitirmeApplication using Java 14 on DESKTOP-HS25IL7 with PID 17628 (D:\Patika Softtech\bitirmeprojesi-batuhanbay\bitirme\target\classes started by bayog in D:\Patika Softtech\bitirmeprojesi-batuhanbay)
19-03-2022 13:28:52.403[background-preinit]INFO o.h.v.i.u.Version.<clinit> - HV000001: Hibernate Validator 6.2.2.Final
19-03-2022 13:28:52.408[main]INFO c.s.b.BitirmeApplication.logStartupProfileInfo - No active profile set, falling back to 1 default profile: "default"
19-03-2022 13:28:53.466[main]INFO o.s.d.r.c.RepositoryConfigurationDelegate.registerRepositoriesIn - Bootstrapping Spring Data JPA repositories in DEFAULT mode.
19-03-2022 13:28:53.548[main]INFO o.s.d.r.c.RepositoryConfigurationDelegate.registerRepositoriesIn - Finished Spring Data repository scanning in 74 ms. Found 3 JPA repository interfaces.
19-03-2022 13:28:54.054[main]INFO o.s.b.w.e.t.TomcatWebServer.initialize - Tomcat initialized with port(s): 8080 (http)
19-03-2022 13:28:54.061[main]INFO o.a.c.h.Http11NioProtocol.log - Initializing ProtocolHandler ["http-nio-8080"]
19-03-2022 13:28:54.062[main]INFO o.a.c.c.StandardService.log - Starting service [Tomcat]
19-03-2022 13:28:54.062[main]INFO o.a.c.c.StandardEngine.log - Starting Servlet engine: [Apache Tomcat/9.0.58]
19-03-2022 13:28:54.177[main]INFO o.a.c.c.C.[.[.[/api/v1].log - Initializing Spring embedded WebApplicationContext
19-03-2022 13:28:54.177[main]INFO o.s.b.w.s.c.ServletWebServerApplicationContext.prepareWebApplicationContext - Root WebApplicationContext: initialization completed in 1686 ms
19-03-2022 13:28:54.337[main]INFO o.h.j.i.u.LogHelper.logPersistenceUnitInformation - HHH000204: Processing PersistenceUnitInfo [name: default]
19-03-2022 13:28:54.377[main]INFO o.h.Version.logVersion - HHH000412: Hibernate ORM core version 5.6.5.Final
19-03-2022 13:28:54.493[main]INFO o.h.a.c.Version.<clinit> - HCANN000001: Hibernate Commons Annotations {5.1.2.Final}
19-03-2022 13:28:54.588[main]INFO c.z.h.HikariDataSource.getConnection - HikariPool-1 - Starting...
19-03-2022 13:28:54.943[main]INFO c.z.h.HikariDataSource.getConnection - HikariPool-1 - Start completed.
19-03-2022 13:28:54.962[main]INFO o.h.d.Dialect.<init> - HHH000400: Using dialect: org.hibernate.dialect.MySQL8Dialect
19-03-2022 13:28:55.631[main]INFO o.h.e.t.j.p.i.JtaPlatformInitiator.initiateService - HHH000490: Using JtaPlatform implementation: [org.hibernate.engine.transaction.jta.platform.internal.NoJtaPlatform]
19-03-2022 13:28:55.640[main]INFO o.s.o.j.LocalContainerEntityManagerFactoryBean.buildNativeEntityManagerFactory - Initialized JPA EntityManagerFactory for persistence unit 'default'
19-03-2022 13:28:56.078[main]WARN o.s.b.a.o.j.JpaBaseConfiguration$JpaWebConfiguration.openEntityManagerInViewInterceptor - spring.jpa.open-in-view is enabled by default. Therefore, database queries may be performed during view rendering. Explicitly configure spring.jpa.open-in-view to disable this warning
19-03-2022 13:28:56.496[main]INFO o.s.s.w.DefaultSecurityFilterChain.<init> - Will not secure any request
19-03-2022 13:28:57.648[main]INFO o.a.c.h.Http11NioProtocol.log - Starting ProtocolHandler ["http-nio-8080"]
19-03-2022 13:28:57.670[main]INFO o.s.b.w.e.t.TomcatWebServer.start - Tomcat started on port(s): 8080 (http) with context path '/api/v1'
19-03-2022 13:28:57.681[main]INFO c.s.b.BitirmeApplication.logStarted - Started BitirmeApplication in 5.902 seconds (JVM running for 7.469)
19-03-2022 13:29:03.167[http-nio-8080-exec-1]INFO o.a.c.c.C.[.[.[/api/v1].log - Initializing Spring DispatcherServlet 'dispatcherServlet'
19-03-2022 13:29:03.167[http-nio-8080-exec-1]INFO o.s.w.s.DispatcherServlet.initServletBean - Initializing Servlet 'dispatcherServlet'
19-03-2022 13:29:03.169[http-nio-8080-exec-1]INFO o.s.w.s.DispatcherServlet.initServletBean - Completed initialization in 1 ms
19-03-2022 13:29:03.772[http-nio-8080-exec-1]ERRORc.s.b.a.g.e.ControllerExceptionHandler.handleNotAcceptableExceptions - Message: Not Acceptable Parameter, Detail Message: Maximum price must be greater than 0, Error Code: bitirme-303-406
19-03-2022 13:29:22.277[SpringApplicationShutdownHook]INFO o.s.o.j.LocalContainerEntityManagerFactoryBean.destroy - Closing JPA EntityManagerFactory for persistence unit 'default'
19-03-2022 13:29:22.282[SpringApplicationShutdownHook]INFO c.z.h.HikariDataSource.close - HikariPool-1 - Shutdown initiated...
19-03-2022 13:29:22.840[SpringApplicationShutdownHook]INFO c.z.h.HikariDataSource.close - HikariPool-1 - Shutdown completed.
19-03-2022 13:29:41.840[main]INFO c.s.b.BitirmeApplication.logStarting - Starting BitirmeApplication using Java 14 on DESKTOP-HS25IL7 with PID 724 (D:\Patika Softtech\bitirmeprojesi-batuhanbay\bitirme\target\classes started by bayog in D:\Patika Softtech\bitirmeprojesi-batuhanbay)
19-03-2022 13:29:41.845[background-preinit]INFO o.h.v.i.u.Version.<clinit> - HV000001: Hibernate Validator 6.2.2.Final
19-03-2022 13:29:41.846[main]INFO c.s.b.BitirmeApplication.logStartupProfileInfo - No active profile set, falling back to 1 default profile: "default"
19-03-2022 13:29:42.957[main]INFO o.s.d.r.c.RepositoryConfigurationDelegate.registerRepositoriesIn - Bootstrapping Spring Data JPA repositories in DEFAULT mode.
19-03-2022 13:29:43.041[main]INFO o.s.d.r.c.RepositoryConfigurationDelegate.registerRepositoriesIn - Finished Spring Data repository scanning in 77 ms. Found 3 JPA repository interfaces.
19-03-2022 13:29:43.561[main]INFO o.s.b.w.e.t.TomcatWebServer.initialize - Tomcat initialized with port(s): 8080 (http)
19-03-2022 13:29:43.573[main]INFO o.a.c.h.Http11NioProtocol.log - Initializing ProtocolHandler ["http-nio-8080"]
19-03-2022 13:29:43.573[main]INFO o.a.c.c.StandardService.log - Starting service [Tomcat]
19-03-2022 13:29:43.574[main]INFO o.a.c.c.StandardEngine.log - Starting Servlet engine: [Apache Tomcat/9.0.58]
19-03-2022 13:29:43.710[main]INFO o.a.c.c.C.[.[.[/api/v1].log - Initializing Spring embedded WebApplicationContext
19-03-2022 13:29:43.711[main]INFO o.s.b.w.s.c.ServletWebServerApplicationContext.prepareWebApplicationContext - Root WebApplicationContext: initialization completed in 1798 ms
19-03-2022 13:29:43.914[main]INFO o.h.j.i.u.LogHelper.logPersistenceUnitInformation - HHH000204: Processing PersistenceUnitInfo [name: default]
19-03-2022 13:29:43.963[main]INFO o.h.Version.logVersion - HHH000412: Hibernate ORM core version 5.6.5.Final
19-03-2022 13:29:44.098[main]INFO o.h.a.c.Version.<clinit> - HCANN000001: Hibernate Commons Annotations {5.1.2.Final}
19-03-2022 13:29:44.205[main]INFO c.z.h.HikariDataSource.getConnection - HikariPool-1 - Starting...
19-03-2022 13:29:44.573[main]INFO c.z.h.HikariDataSource.getConnection - HikariPool-1 - Start completed.
19-03-2022 13:29:44.587[main]INFO o.h.d.Dialect.<init> - HHH000400: Using dialect: org.hibernate.dialect.MySQL8Dialect
19-03-2022 13:29:45.285[main]INFO o.h.e.t.j.p.i.JtaPlatformInitiator.initiateService - HHH000490: Using JtaPlatform implementation: [org.hibernate.engine.transaction.jta.platform.internal.NoJtaPlatform]
19-03-2022 13:29:45.297[main]INFO o.s.o.j.LocalContainerEntityManagerFactoryBean.buildNativeEntityManagerFactory - Initialized JPA EntityManagerFactory for persistence unit 'default'
19-03-2022 13:29:45.801[main]WARN o.s.b.a.o.j.JpaBaseConfiguration$JpaWebConfiguration.openEntityManagerInViewInterceptor - spring.jpa.open-in-view is enabled by default. Therefore, database queries may be performed during view rendering. Explicitly configure spring.jpa.open-in-view to disable this warning
19-03-2022 13:29:46.266[main]INFO o.s.s.w.DefaultSecurityFilterChain.<init> - Will not secure any request
19-03-2022 13:29:47.642[main]INFO o.a.c.h.Http11NioProtocol.log - Starting ProtocolHandler ["http-nio-8080"]
19-03-2022 13:29:47.671[main]INFO o.s.b.w.e.t.TomcatWebServer.start - Tomcat started on port(s): 8080 (http) with context path '/api/v1'
19-03-2022 13:29:47.689[main]INFO c.s.b.BitirmeApplication.logStarted - Started BitirmeApplication in 6.929 seconds (JVM running for 10.223)
19-03-2022 13:29:50.941[http-nio-8080-exec-2]INFO o.a.c.c.C.[.[.[/api/v1].log - Initializing Spring DispatcherServlet 'dispatcherServlet'
19-03-2022 13:29:50.942[http-nio-8080-exec-2]INFO o.s.w.s.DispatcherServlet.initServletBean - Initializing Servlet 'dispatcherServlet'
19-03-2022 13:29:50.943[http-nio-8080-exec-2]INFO o.s.w.s.DispatcherServlet.initServletBean - Completed initialization in 1 ms
19-03-2022 13:29:51.633[http-nio-8080-exec-2]ERRORc.s.b.a.g.e.ControllerExceptionHandler.handleAllExceptions - Message: findAllPrdProductsBetween.maxPrice: Batuhan, Detail Message: uri=/api/v1/products/between, Error Code: 500
19-03-2022 13:31:22.563[http-nio-8080-exec-4]ERRORc.s.b.a.g.e.ControllerExceptionHandler.handleAllExceptions - Message: findAllPrdProductsBetween.maxPrice: Batuhan, Detail Message: uri=/api/v1/products/between, Error Code: 500
19-03-2022 13:31:27.799[SpringApplicationShutdownHook]INFO o.s.o.j.LocalContainerEntityManagerFactoryBean.destroy - Closing JPA EntityManagerFactory for persistence unit 'default'
19-03-2022 13:31:27.804[SpringApplicationShutdownHook]INFO c.z.h.HikariDataSource.close - HikariPool-1 - Shutdown initiated...
19-03-2022 13:31:27.815[SpringApplicationShutdownHook]INFO c.z.h.HikariDataSource.close - HikariPool-1 - Shutdown completed.
19-03-2022 13:31:39.015[main]INFO c.s.b.BitirmeApplication.logStarting - Starting BitirmeApplication using Java 14 on DESKTOP-HS25IL7 with PID 6160 (D:\Patika Softtech\bitirmeprojesi-batuhanbay\bitirme\target\classes started by bayog in D:\Patika Softtech\bitirmeprojesi-batuhanbay)
19-03-2022 13:31:39.018[main]INFO c.s.b.BitirmeApplication.logStartupProfileInfo - No active profile set, falling back to 1 default profile: "default"
19-03-2022 13:31:39.020[background-preinit]INFO o.h.v.i.u.Version.<clinit> - HV000001: Hibernate Validator 6.2.2.Final
19-03-2022 13:31:40.263[main]INFO o.s.d.r.c.RepositoryConfigurationDelegate.registerRepositoriesIn - Bootstrapping Spring Data JPA repositories in DEFAULT mode.
19-03-2022 13:31:40.354[main]INFO o.s.d.r.c.RepositoryConfigurationDelegate.registerRepositoriesIn - Finished Spring Data repository scanning in 82 ms. Found 3 JPA repository interfaces.
19-03-2022 13:31:41.049[main]INFO o.s.b.w.e.t.TomcatWebServer.initialize - Tomcat initialized with port(s): 8080 (http)
19-03-2022 13:31:41.065[main]INFO o.a.c.h.Http11NioProtocol.log - Initializing ProtocolHandler ["http-nio-8080"]
19-03-2022 13:31:41.066[main]INFO o.a.c.c.StandardService.log - Starting service [Tomcat]
19-03-2022 13:31:41.066[main]INFO o.a.c.c.StandardEngine.log - Starting Servlet engine: [Apache Tomcat/9.0.58]
19-03-2022 13:31:41.222[main]INFO o.a.c.c.C.[.[.[/api/v1].log - Initializing Spring embedded WebApplicationContext
19-03-2022 13:31:41.222[main]INFO o.s.b.w.s.c.ServletWebServerApplicationContext.prepareWebApplicationContext - Root WebApplicationContext: initialization completed in 2129 ms
19-03-2022 13:31:41.428[main]INFO o.h.j.i.u.LogHelper.logPersistenceUnitInformation - HHH000204: Processing PersistenceUnitInfo [name: default]
19-03-2022 13:31:41.486[main]INFO o.h.Version.logVersion - HHH000412: Hibernate ORM core version 5.6.5.Final
19-03-2022 13:31:41.604[main]INFO o.h.a.c.Version.<clinit> - HCANN000001: Hibernate Commons Annotations {5.1.2.Final}
19-03-2022 13:31:41.713[main]INFO c.z.h.HikariDataSource.getConnection - HikariPool-1 - Starting...
19-03-2022 13:31:42.105[main]INFO c.z.h.HikariDataSource.getConnection - HikariPool-1 - Start completed.
19-03-2022 13:31:42.120[main]INFO o.h.d.Dialect.<init> - HHH000400: Using dialect: org.hibernate.dialect.MySQL8Dialect
19-03-2022 13:31:42.926[main]INFO o.h.e.t.j.p.i.JtaPlatformInitiator.initiateService - HHH000490: Using JtaPlatform implementation: [org.hibernate.engine.transaction.jta.platform.internal.NoJtaPlatform]
19-03-2022 13:31:42.942[main]INFO o.s.o.j.LocalContainerEntityManagerFactoryBean.buildNativeEntityManagerFactory - Initialized JPA EntityManagerFactory for persistence unit 'default'
19-03-2022 13:31:43.547[main]WARN o.s.b.a.o.j.JpaBaseConfiguration$JpaWebConfiguration.openEntityManagerInViewInterceptor - spring.jpa.open-in-view is enabled by default. Therefore, database queries may be performed during view rendering. Explicitly configure spring.jpa.open-in-view to disable this warning
19-03-2022 13:31:43.984[main]INFO o.s.s.w.DefaultSecurityFilterChain.<init> - Will not secure any request
19-03-2022 13:31:45.100[main]INFO o.a.c.h.Http11NioProtocol.log - Starting ProtocolHandler ["http-nio-8080"]
19-03-2022 13:31:45.122[main]INFO o.s.b.w.e.t.TomcatWebServer.start - Tomcat started on port(s): 8080 (http) with context path '/api/v1'
19-03-2022 13:31:45.132[main]INFO c.s.b.BitirmeApplication.logStarted - Started BitirmeApplication in 6.836 seconds (JVM running for 8.344)
19-03-2022 13:31:48.045[http-nio-8080-exec-1]INFO o.a.c.c.C.[.[.[/api/v1].log - Initializing Spring DispatcherServlet 'dispatcherServlet'
19-03-2022 13:31:48.045[http-nio-8080-exec-1]INFO o.s.w.s.DispatcherServlet.initServletBean - Initializing Servlet 'dispatcherServlet'
19-03-2022 13:31:48.046[http-nio-8080-exec-1]INFO o.s.w.s.DispatcherServlet.initServletBean - Completed initialization in 1 ms
19-03-2022 13:31:48.698[http-nio-8080-exec-1]ERRORc.s.b.a.g.e.ControllerExceptionHandler.handleNotAcceptableExceptions - Message: Not Acceptable Parameter, Detail Message: Maximum price must be greater than 0, Error Code: bitirme-303-406
19-03-2022 13:36:55.529[http-nio-8080-exec-5]ERRORc.s.b.a.g.e.ControllerExceptionHandler.handleNotAcceptableExceptions - Message: Not Acceptable Parameter, Detail Message: Maximum price must be greater than minimum price, Error Code: bitirme-304-406
19-03-2022 15:32:01.787[SpringApplicationShutdownHook]INFO o.s.o.j.LocalContainerEntityManagerFactoryBean.destroy - Closing JPA EntityManagerFactory for persistence unit 'default'
19-03-2022 15:32:01.808[SpringApplicationShutdownHook]INFO c.z.h.HikariDataSource.close - HikariPool-1 - Shutdown initiated...
19-03-2022 15:32:01.818[SpringApplicationShutdownHook]INFO c.z.h.HikariDataSource.close - HikariPool-1 - Shutdown completed.
19-03-2022 15:32:11.386[main]INFO c.s.b.BitirmeApplication.logStarting - Starting BitirmeApplication using Java 14 on DESKTOP-HS25IL7 with PID 10256 (D:\Patika Softtech\bitirmeprojesi-batuhanbay\bitirme\target\classes started by bayog in D:\Patika Softtech\bitirmeprojesi-batuhanbay)
19-03-2022 15:32:11.386[background-preinit]INFO o.h.v.i.u.Version.<clinit> - HV000001: Hibernate Validator 6.2.2.Final
19-03-2022 15:32:11.390[main]INFO c.s.b.BitirmeApplication.logStartupProfileInfo - No active profile set, falling back to 1 default profile: "default"
19-03-2022 15:32:12.242[main]INFO o.s.d.r.c.RepositoryConfigurationDelegate.registerRepositoriesIn - Bootstrapping Spring Data JPA repositories in DEFAULT mode.
19-03-2022 15:32:12.326[main]INFO o.s.d.r.c.RepositoryConfigurationDelegate.registerRepositoriesIn - Finished Spring Data repository scanning in 78 ms. Found 3 JPA repository interfaces.
19-03-2022 15:32:12.770[main]INFO o.s.b.w.e.t.TomcatWebServer.initialize - Tomcat initialized with port(s): 8080 (http)
19-03-2022 15:32:12.776[main]INFO o.a.c.h.Http11NioProtocol.log - Initializing ProtocolHandler ["http-nio-8080"]
19-03-2022 15:32:12.777[main]INFO o.a.c.c.StandardService.log - Starting service [Tomcat]
19-03-2022 15:32:12.777[main]INFO o.a.c.c.StandardEngine.log - Starting Servlet engine: [Apache Tomcat/9.0.58]
19-03-2022 15:32:12.887[main]INFO o.a.c.c.C.[.[.[/api/v1].log - Initializing Spring embedded WebApplicationContext
19-03-2022 15:32:12.887[main]INFO o.s.b.w.s.c.ServletWebServerApplicationContext.prepareWebApplicationContext - Root WebApplicationContext: initialization completed in 1438 ms
19-03-2022 15:32:13.011[main]INFO o.h.j.i.u.LogHelper.logPersistenceUnitInformation - HHH000204: Processing PersistenceUnitInfo [name: default]
19-03-2022 15:32:13.062[main]INFO o.h.Version.logVersion - HHH000412: Hibernate ORM core version 5.6.5.Final
19-03-2022 15:32:13.184[main]INFO o.h.a.c.Version.<clinit> - HCANN000001: Hibernate Commons Annotations {5.1.2.Final}
19-03-2022 15:32:13.286[main]INFO c.z.h.HikariDataSource.getConnection - HikariPool-1 - Starting...
19-03-2022 15:32:13.585[main]INFO c.z.h.HikariDataSource.getConnection - HikariPool-1 - Start completed.
19-03-2022 15:32:13.603[main]INFO o.h.d.Dialect.<init> - HHH000400: Using dialect: org.hibernate.dialect.MySQL8Dialect
19-03-2022 15:32:14.165[main]INFO o.h.e.t.j.p.i.JtaPlatformInitiator.initiateService - HHH000490: Using JtaPlatform implementation: [org.hibernate.engine.transaction.jta.platform.internal.NoJtaPlatform]
19-03-2022 15:32:14.174[main]INFO o.s.o.j.LocalContainerEntityManagerFactoryBean.buildNativeEntityManagerFactory - Initialized JPA EntityManagerFactory for persistence unit 'default'
19-03-2022 15:32:14.585[main]WARN o.s.b.a.o.j.JpaBaseConfiguration$JpaWebConfiguration.openEntityManagerInViewInterceptor - spring.jpa.open-in-view is enabled by default. Therefore, database queries may be performed during view rendering. Explicitly configure spring.jpa.open-in-view to disable this warning
19-03-2022 15:32:14.881[main]INFO o.s.s.w.DefaultSecurityFilterChain.<init> - Will not secure any request
19-03-2022 15:32:15.697[main]INFO o.a.c.h.Http11NioProtocol.log - Starting ProtocolHandler ["http-nio-8080"]
19-03-2022 15:32:15.715[main]INFO o.s.b.w.e.t.TomcatWebServer.start - Tomcat started on port(s): 8080 (http) with context path '/api/v1'
19-03-2022 15:32:15.724[main]INFO c.s.b.BitirmeApplication.logStarted - Started BitirmeApplication in 4.92 seconds (JVM running for 6.479)
19-03-2022 15:32:35.385[http-nio-8080-exec-1]INFO o.a.c.c.C.[.[.[/api/v1].log - Initializing Spring DispatcherServlet 'dispatcherServlet'
19-03-2022 15:32:35.385[http-nio-8080-exec-1]INFO o.s.w.s.DispatcherServlet.initServletBean - Initializing Servlet 'dispatcherServlet'
19-03-2022 15:32:35.386[http-nio-8080-exec-1]INFO o.s.w.s.DispatcherServlet.initServletBean - Completed initialization in 1 ms
19-03-2022 15:32:35.759[http-nio-8080-exec-1]ERRORc.s.b.a.g.e.ControllerExceptionHandler.handleAllExceptions - Message: null, Detail Message: uri=/api/v1/auth/login, Error Code: 500
19-03-2022 15:33:20.618[http-nio-8080-exec-2]ERRORo.a.c.c.C.[.[.[.[dispatcherServlet].log - Servlet.service() for servlet [dispatcherServlet] in context with path [/api/v1] threw exception
com.softtechbootcamp.bitirme.app.gen.exceptions.EntityNotFoundExceptions: null
	at com.softtechbootcamp.bitirme.app.gen.service.BaseEntityService.lambda$findByIdWithControl$0(BaseEntityService.java:47)
	at java.base/java.util.Optional.orElseThrow(Optional.java:401)
	at com.softtechbootcamp.bitirme.app.gen.service.BaseEntityService.findByIdWithControl(BaseEntityService.java:47)
	at com.softtechbootcamp.bitirme.app.sec.security.JwtUserDetailsService.loadUserByUserId(JwtUserDetailsService.java:28)
	at com.softtechbootcamp.bitirme.app.sec.security.JwtAuthenticationFilter.doFilterInternal(JwtAuthenticationFilter.java:39)
	at org.springframework.web.filter.OncePerRequestFilter.doFilter(OncePerRequestFilter.java:117)
	at org.springframework.security.web.FilterChainProxy$VirtualFilterChain.doFilter(FilterChainProxy.java:336)
	at org.springframework.security.web.authentication.logout.LogoutFilter.doFilter(LogoutFilter.java:103)
	at org.springframework.security.web.authentication.logout.LogoutFilter.doFilter(LogoutFilter.java:89)
	at org.springframework.security.web.FilterChainProxy$VirtualFilterChain.doFilter(FilterChainProxy.java:336)
	at org.springframework.web.filter.CorsFilter.doFilterInternal(CorsFilter.java:91)
	at org.springframework.web.filter.OncePerRequestFilter.doFilter(OncePerRequestFilter.java:117)
	at org.springframework.security.web.FilterChainProxy$VirtualFilterChain.doFilter(FilterChainProxy.java:336)
	at org.springframework.security.web.header.HeaderWriterFilter.doHeadersAfter(HeaderWriterFilter.java:90)
	at org.springframework.security.web.header.HeaderWriterFilter.doFilterInternal(HeaderWriterFilter.java:75)
	at org.springframework.web.filter.OncePerRequestFilter.doFilter(OncePerRequestFilter.java:117)
	at org.springframework.security.web.FilterChainProxy$VirtualFilterChain.doFilter(FilterChainProxy.java:336)
	at org.springframework.security.web.context.SecurityContextPersistenceFilter.doFilter(SecurityContextPersistenceFilter.java:110)
	at org.springframework.security.web.context.SecurityContextPersistenceFilter.doFilter(SecurityContextPersistenceFilter.java:80)
	at org.springframework.security.web.FilterChainProxy$VirtualFilterChain.doFilter(FilterChainProxy.java:336)
	at org.springframework.security.web.context.request.async.WebAsyncManagerIntegrationFilter.doFilterInternal(WebAsyncManagerIntegrationFilter.java:55)
	at org.springframework.web.filter.OncePerRequestFilter.doFilter(OncePerRequestFilter.java:117)
	at org.springframework.security.web.FilterChainProxy$VirtualFilterChain.doFilter(FilterChainProxy.java:336)
	at org.springframework.security.web.FilterChainProxy.doFilterInternal(FilterChainProxy.java:211)
	at org.springframework.security.web.FilterChainProxy.doFilter(FilterChainProxy.java:183)
	at org.springframework.web.filter.DelegatingFilterProxy.invokeDelegate(DelegatingFilterProxy.java:354)
	at org.springframework.web.filter.DelegatingFilterProxy.doFilter(DelegatingFilterProxy.java:267)
	at org.apache.catalina.core.ApplicationFilterChain.internalDoFilter(ApplicationFilterChain.java:189)
	at org.apache.catalina.core.ApplicationFilterChain.doFilter(ApplicationFilterChain.java:162)
	at org.springframework.web.filter.RequestContextFilter.doFilterInternal(RequestContextFilter.java:100)
	at org.springframework.web.filter.OncePerRequestFilter.doFilter(OncePerRequestFilter.java:117)
	at org.apache.catalina.core.ApplicationFilterChain.internalDoFilter(ApplicationFilterChain.java:189)
	at org.apache.catalina.core.ApplicationFilterChain.doFilter(ApplicationFilterChain.java:162)
	at org.springframework.web.filter.FormContentFilter.doFilterInternal(FormContentFilter.java:93)
	at org.springframework.web.filter.OncePerRequestFilter.doFilter(OncePerRequestFilter.java:117)
	at org.apache.catalina.core.ApplicationFilterChain.internalDoFilter(ApplicationFilterChain.java:189)
	at org.apache.catalina.core.ApplicationFilterChain.doFilter(ApplicationFilterChain.java:162)
	at org.springframework.web.filter.CharacterEncodingFilter.doFilterInternal(CharacterEncodingFilter.java:201)
	at org.springframework.web.filter.OncePerRequestFilter.doFilter(OncePerRequestFilter.java:117)
	at org.apache.catalina.core.ApplicationFilterChain.internalDoFilter(ApplicationFilterChain.java:189)
	at org.apache.catalina.core.ApplicationFilterChain.doFilter(ApplicationFilterChain.java:162)
	at org.apache.catalina.core.StandardWrapperValve.invoke(StandardWrapperValve.java:197)
	at org.apache.catalina.core.StandardContextValve.invoke(StandardContextValve.java:97)
	at org.apache.catalina.authenticator.AuthenticatorBase.invoke(AuthenticatorBase.java:540)
	at org.apache.catalina.core.StandardHostValve.invoke(StandardHostValve.java:135)
	at org.apache.catalina.valves.ErrorReportValve.invoke(ErrorReportValve.java:92)
	at org.apache.catalina.core.StandardEngineValve.invoke(StandardEngineValve.java:78)
	at org.apache.catalina.connector.CoyoteAdapter.service(CoyoteAdapter.java:359)
	at org.apache.coyote.http11.Http11Processor.service(Http11Processor.java:399)
	at org.apache.coyote.AbstractProcessorLight.process(AbstractProcessorLight.java:65)
	at org.apache.coyote.AbstractProtocol$ConnectionHandler.process(AbstractProtocol.java:889)
	at org.apache.tomcat.util.net.NioEndpoint$SocketProcessor.doRun(NioEndpoint.java:1735)
	at org.apache.tomcat.util.net.SocketProcessorBase.run(SocketProcessorBase.java:49)
	at org.apache.tomcat.util.threads.ThreadPoolExecutor.runWorker(ThreadPoolExecutor.java:1191)
	at org.apache.tomcat.util.threads.ThreadPoolExecutor$Worker.run(ThreadPoolExecutor.java:659)
	at org.apache.tomcat.util.threads.TaskThread$WrappingRunnable.run(TaskThread.java:61)
	at java.base/java.lang.Thread.run(Thread.java:832)
19-03-2022 15:33:34.679[http-nio-8080-exec-3]WARN o.h.e.j.s.SqlExceptionHelper.logExceptions - SQL Error: 1048, SQLState: 23000
19-03-2022 15:33:34.680[http-nio-8080-exec-3]ERRORo.h.e.j.s.SqlExceptionHelper.logExceptions - Column 'created_by' cannot be null
19-03-2022 15:33:34.688[http-nio-8080-exec-3]ERRORc.s.b.a.g.e.ControllerExceptionHandler.handleAllExceptions - Message: could not execute statement; SQL [n/a]; constraint [null]; nested exception is org.hibernate.exception.ConstraintViolationException: could not execute statement, Detail Message: uri=/api/v1/auth/register, Error Code: 500
19-03-2022 15:38:25.962[SpringApplicationShutdownHook]INFO o.s.o.j.LocalContainerEntityManagerFactoryBean.destroy - Closing JPA EntityManagerFactory for persistence unit 'default'
19-03-2022 15:38:25.964[SpringApplicationShutdownHook]INFO c.z.h.HikariDataSource.close - HikariPool-1 - Shutdown initiated...
19-03-2022 15:38:25.977[SpringApplicationShutdownHook]INFO c.z.h.HikariDataSource.close - HikariPool-1 - Shutdown completed.
19-03-2022 15:38:35.053[main]INFO c.s.b.BitirmeApplication.logStarting - Starting BitirmeApplication using Java 14 on DESKTOP-HS25IL7 with PID 17696 (D:\Patika Softtech\bitirmeprojesi-batuhanbay\bitirme\target\classes started by bayog in D:\Patika Softtech\bitirmeprojesi-batuhanbay)
19-03-2022 15:38:35.049[background-preinit]INFO o.h.v.i.u.Version.<clinit> - HV000001: Hibernate Validator 6.2.2.Final
19-03-2022 15:38:35.055[main]INFO c.s.b.BitirmeApplication.logStartupProfileInfo - No active profile set, falling back to 1 default profile: "default"
19-03-2022 15:38:35.845[main]INFO o.s.d.r.c.RepositoryConfigurationDelegate.registerRepositoriesIn - Bootstrapping Spring Data JPA repositories in DEFAULT mode.
19-03-2022 15:38:35.922[main]INFO o.s.d.r.c.RepositoryConfigurationDelegate.registerRepositoriesIn - Finished Spring Data repository scanning in 70 ms. Found 3 JPA repository interfaces.
19-03-2022 15:38:36.330[main]INFO o.s.b.w.e.t.TomcatWebServer.initialize - Tomcat initialized with port(s): 8080 (http)
19-03-2022 15:38:36.335[main]INFO o.a.c.h.Http11NioProtocol.log - Initializing ProtocolHandler ["http-nio-8080"]
19-03-2022 15:38:36.336[main]INFO o.a.c.c.StandardService.log - Starting service [Tomcat]
19-03-2022 15:38:36.336[main]INFO o.a.c.c.StandardEngine.log - Starting Servlet engine: [Apache Tomcat/9.0.58]
19-03-2022 15:38:36.441[main]INFO o.a.c.c.C.[.[.[/api/v1].log - Initializing Spring embedded WebApplicationContext
19-03-2022 15:38:36.441[main]INFO o.s.b.w.s.c.ServletWebServerApplicationContext.prepareWebApplicationContext - Root WebApplicationContext: initialization completed in 1323 ms
19-03-2022 15:38:36.549[main]INFO o.h.j.i.u.LogHelper.logPersistenceUnitInformation - HHH000204: Processing PersistenceUnitInfo [name: default]
19-03-2022 15:38:36.582[main]INFO o.h.Version.logVersion - HHH000412: Hibernate ORM core version 5.6.5.Final
19-03-2022 15:38:36.677[main]INFO o.h.a.c.Version.<clinit> - HCANN000001: Hibernate Commons Annotations {5.1.2.Final}
19-03-2022 15:38:36.761[main]INFO c.z.h.HikariDataSource.getConnection - HikariPool-1 - Starting...
19-03-2022 15:38:37.026[main]INFO c.z.h.HikariDataSource.getConnection - HikariPool-1 - Start completed.
19-03-2022 15:38:37.039[main]INFO o.h.d.Dialect.<init> - HHH000400: Using dialect: org.hibernate.dialect.MySQL8Dialect
19-03-2022 15:38:37.509[main]INFO o.h.e.t.j.p.i.JtaPlatformInitiator.initiateService - HHH000490: Using JtaPlatform implementation: [org.hibernate.engine.transaction.jta.platform.internal.NoJtaPlatform]
19-03-2022 15:38:37.516[main]INFO o.s.o.j.LocalContainerEntityManagerFactoryBean.buildNativeEntityManagerFactory - Initialized JPA EntityManagerFactory for persistence unit 'default'
19-03-2022 15:38:37.830[main]WARN o.s.b.a.o.j.JpaBaseConfiguration$JpaWebConfiguration.openEntityManagerInViewInterceptor - spring.jpa.open-in-view is enabled by default. Therefore, database queries may be performed during view rendering. Explicitly configure spring.jpa.open-in-view to disable this warning
19-03-2022 15:38:38.121[main]INFO o.s.s.w.DefaultSecurityFilterChain.<init> - Will not secure any request
19-03-2022 15:38:38.863[main]INFO o.a.c.h.Http11NioProtocol.log - Starting ProtocolHandler ["http-nio-8080"]
19-03-2022 15:38:38.881[main]INFO o.s.b.w.e.t.TomcatWebServer.start - Tomcat started on port(s): 8080 (http) with context path '/api/v1'
19-03-2022 15:38:38.890[main]INFO c.s.b.BitirmeApplication.logStarted - Started BitirmeApplication in 4.252 seconds (JVM running for 5.436)
19-03-2022 15:38:44.599[http-nio-8080-exec-1]INFO o.a.c.c.C.[.[.[/api/v1].log - Initializing Spring DispatcherServlet 'dispatcherServlet'
19-03-2022 15:38:44.600[http-nio-8080-exec-1]INFO o.s.w.s.DispatcherServlet.initServletBean - Initializing Servlet 'dispatcherServlet'
19-03-2022 15:38:44.601[http-nio-8080-exec-1]INFO o.s.w.s.DispatcherServlet.initServletBean - Completed initialization in 1 ms
19-03-2022 15:38:44.944[http-nio-8080-exec-1]INFO c.s.b.a.g.s.BaseEntityService.save - UsrUser is saved
19-03-2022 15:39:40.849[http-nio-8080-exec-4]INFO c.s.b.a.g.s.BaseEntityService.save - UsrUser is saved
19-03-2022 15:40:20.853[http-nio-8080-exec-5]ERRORc.s.b.a.g.e.ControllerExceptionHandler.handleAllExceptions - Message: null, Detail Message: uri=/api/v1/auth/login, Error Code: 500
19-03-2022 15:41:09.398[http-nio-8080-exec-7]INFO c.s.b.a.g.s.BaseEntityService.save - PrdProduct is saved
19-03-2022 15:41:31.213[SpringApplicationShutdownHook]INFO o.s.o.j.LocalContainerEntityManagerFactoryBean.destroy - Closing JPA EntityManagerFactory for persistence unit 'default'
19-03-2022 15:41:31.216[SpringApplicationShutdownHook]INFO c.z.h.HikariDataSource.close - HikariPool-1 - Shutdown initiated...
19-03-2022 15:41:31.227[SpringApplicationShutdownHook]INFO c.z.h.HikariDataSource.close - HikariPool-1 - Shutdown completed.
19-03-2022 17:43:27.156[background-preinit]INFO o.h.v.i.u.Version.<clinit> - HV000001: Hibernate Validator 6.2.2.Final
19-03-2022 17:43:27.156[main]INFO c.s.b.BitirmeApplication.logStarting - Starting BitirmeApplication using Java 14 on DESKTOP-HS25IL7 with PID 14416 (D:\Patika Softtech\bitirmeprojesi-batuhanbay\bitirme\target\classes started by bayog in D:\Patika Softtech\bitirmeprojesi-batuhanbay)
19-03-2022 17:43:27.160[main]INFO c.s.b.BitirmeApplication.logStartupProfileInfo - No active profile set, falling back to 1 default profile: "default"
19-03-2022 17:43:28.127[main]INFO o.s.d.r.c.RepositoryConfigurationDelegate.registerRepositoriesIn - Bootstrapping Spring Data JPA repositories in DEFAULT mode.
19-03-2022 17:43:28.201[main]INFO o.s.d.r.c.RepositoryConfigurationDelegate.registerRepositoriesIn - Finished Spring Data repository scanning in 67 ms. Found 3 JPA repository interfaces.
19-03-2022 17:43:28.653[main]INFO o.s.b.w.e.t.TomcatWebServer.initialize - Tomcat initialized with port(s): 8080 (http)
19-03-2022 17:43:28.660[main]INFO o.a.c.h.Http11NioProtocol.log - Initializing ProtocolHandler ["http-nio-8080"]
19-03-2022 17:43:28.660[main]INFO o.a.c.c.StandardService.log - Starting service [Tomcat]
19-03-2022 17:43:28.661[main]INFO o.a.c.c.StandardEngine.log - Starting Servlet engine: [Apache Tomcat/9.0.58]
19-03-2022 17:43:28.884[main]INFO o.a.c.c.C.[.[.[/api/v1].log - Initializing Spring embedded WebApplicationContext
19-03-2022 17:43:28.884[main]INFO o.s.b.w.s.c.ServletWebServerApplicationContext.prepareWebApplicationContext - Root WebApplicationContext: initialization completed in 1663 ms
19-03-2022 17:43:29.060[main]INFO o.h.j.i.u.LogHelper.logPersistenceUnitInformation - HHH000204: Processing PersistenceUnitInfo [name: default]
19-03-2022 17:43:29.094[main]INFO o.h.Version.logVersion - HHH000412: Hibernate ORM core version 5.6.5.Final
19-03-2022 17:43:29.196[main]INFO o.h.a.c.Version.<clinit> - HCANN000001: Hibernate Commons Annotations {5.1.2.Final}
19-03-2022 17:43:29.281[main]INFO c.z.h.HikariDataSource.getConnection - HikariPool-1 - Starting...
19-03-2022 17:43:29.554[main]INFO c.z.h.HikariDataSource.getConnection - HikariPool-1 - Start completed.
19-03-2022 17:43:29.569[main]INFO o.h.d.Dialect.<init> - HHH000400: Using dialect: org.hibernate.dialect.MySQL8Dialect
19-03-2022 17:43:30.193[main]INFO o.h.e.t.j.p.i.JtaPlatformInitiator.initiateService - HHH000490: Using JtaPlatform implementation: [org.hibernate.engine.transaction.jta.platform.internal.NoJtaPlatform]
19-03-2022 17:43:30.202[main]INFO o.s.o.j.LocalContainerEntityManagerFactoryBean.buildNativeEntityManagerFactory - Initialized JPA EntityManagerFactory for persistence unit 'default'
19-03-2022 17:43:30.662[main]WARN o.s.b.a.o.j.JpaBaseConfiguration$JpaWebConfiguration.openEntityManagerInViewInterceptor - spring.jpa.open-in-view is enabled by default. Therefore, database queries may be performed during view rendering. Explicitly configure spring.jpa.open-in-view to disable this warning
19-03-2022 17:43:31.025[main]INFO o.s.s.w.DefaultSecurityFilterChain.<init> - Will not secure any request
19-03-2022 17:43:31.874[main]INFO o.a.c.h.Http11NioProtocol.log - Starting ProtocolHandler ["http-nio-8080"]
19-03-2022 17:43:31.895[main]INFO o.s.b.w.e.t.TomcatWebServer.start - Tomcat started on port(s): 8080 (http) with context path '/api/v1'
19-03-2022 17:43:31.910[main]INFO c.s.b.BitirmeApplication.logStarted - Started BitirmeApplication in 5.3 seconds (JVM running for 6.287)
19-03-2022 17:43:35.222[SpringApplicationShutdownHook]INFO o.s.o.j.LocalContainerEntityManagerFactoryBean.destroy - Closing JPA EntityManagerFactory for persistence unit 'default'
19-03-2022 17:43:35.225[SpringApplicationShutdownHook]INFO c.z.h.HikariDataSource.close - HikariPool-1 - Shutdown initiated...
19-03-2022 17:43:35.235[SpringApplicationShutdownHook]INFO c.z.h.HikariDataSource.close - HikariPool-1 - Shutdown completed.
19-03-2022 17:43:41.959[background-preinit]INFO o.h.v.i.u.Version.<clinit> - HV000001: Hibernate Validator 6.2.2.Final
19-03-2022 17:43:41.959[main]INFO c.s.b.BitirmeApplication.logStarting - Starting BitirmeApplication using Java 14 on DESKTOP-HS25IL7 with PID 17116 (D:\Patika Softtech\bitirmeprojesi-batuhanbay\bitirme\target\classes started by bayog in D:\Patika Softtech\bitirmeprojesi-batuhanbay)
19-03-2022 17:43:41.964[main]INFO c.s.b.BitirmeApplication.logStartupProfileInfo - No active profile set, falling back to 1 default profile: "default"
19-03-2022 17:43:42.902[main]INFO o.s.d.r.c.RepositoryConfigurationDelegate.registerRepositoriesIn - Bootstrapping Spring Data JPA repositories in DEFAULT mode.
19-03-2022 17:43:42.988[main]INFO o.s.d.r.c.RepositoryConfigurationDelegate.registerRepositoriesIn - Finished Spring Data repository scanning in 77 ms. Found 3 JPA repository interfaces.
19-03-2022 17:43:43.529[main]INFO o.s.b.w.e.t.TomcatWebServer.initialize - Tomcat initialized with port(s): 8080 (http)
19-03-2022 17:43:43.539[main]INFO o.a.c.h.Http11NioProtocol.log - Initializing ProtocolHandler ["http-nio-8080"]
19-03-2022 17:43:43.539[main]INFO o.a.c.c.StandardService.log - Starting service [Tomcat]
19-03-2022 17:43:43.539[main]INFO o.a.c.c.StandardEngine.log - Starting Servlet engine: [Apache Tomcat/9.0.58]
19-03-2022 17:43:43.723[main]INFO o.a.c.c.C.[.[.[/api/v1].log - Initializing Spring embedded WebApplicationContext
19-03-2022 17:43:43.724[main]INFO o.s.b.w.s.c.ServletWebServerApplicationContext.prepareWebApplicationContext - Root WebApplicationContext: initialization completed in 1704 ms
19-03-2022 17:43:43.938[main]INFO o.h.j.i.u.LogHelper.logPersistenceUnitInformation - HHH000204: Processing PersistenceUnitInfo [name: default]
19-03-2022 17:43:43.996[main]INFO o.h.Version.logVersion - HHH000412: Hibernate ORM core version 5.6.5.Final
19-03-2022 17:43:44.099[main]INFO o.h.a.c.Version.<clinit> - HCANN000001: Hibernate Commons Annotations {5.1.2.Final}
19-03-2022 17:43:44.246[main]INFO c.z.h.HikariDataSource.getConnection - HikariPool-1 - Starting...
19-03-2022 17:43:44.634[main]INFO c.z.h.HikariDataSource.getConnection - HikariPool-1 - Start completed.
19-03-2022 17:43:44.649[main]INFO o.h.d.Dialect.<init> - HHH000400: Using dialect: org.hibernate.dialect.MySQL8Dialect
19-03-2022 17:43:45.401[main]INFO o.h.e.t.j.p.i.JtaPlatformInitiator.initiateService - HHH000490: Using JtaPlatform implementation: [org.hibernate.engine.transaction.jta.platform.internal.NoJtaPlatform]
19-03-2022 17:43:45.409[main]INFO o.s.o.j.LocalContainerEntityManagerFactoryBean.buildNativeEntityManagerFactory - Initialized JPA EntityManagerFactory for persistence unit 'default'
19-03-2022 17:43:46.027[main]WARN o.s.b.a.o.j.JpaBaseConfiguration$JpaWebConfiguration.openEntityManagerInViewInterceptor - spring.jpa.open-in-view is enabled by default. Therefore, database queries may be performed during view rendering. Explicitly configure spring.jpa.open-in-view to disable this warning
19-03-2022 17:43:46.503[main]INFO o.s.s.w.DefaultSecurityFilterChain.<init> - Will not secure any request
19-03-2022 17:43:47.744[main]INFO o.a.c.h.Http11NioProtocol.log - Starting ProtocolHandler ["http-nio-8080"]
19-03-2022 17:43:47.770[main]INFO o.s.b.w.e.t.TomcatWebServer.start - Tomcat started on port(s): 8080 (http) with context path '/api/v1'
19-03-2022 17:43:47.784[main]INFO c.s.b.BitirmeApplication.logStarted - Started BitirmeApplication in 6.162 seconds (JVM running for 8.3)
19-03-2022 17:44:01.386[http-nio-8080-exec-2]INFO o.a.c.c.C.[.[.[/api/v1].log - Initializing Spring DispatcherServlet 'dispatcherServlet'
19-03-2022 17:44:01.386[http-nio-8080-exec-2]INFO o.s.w.s.DispatcherServlet.initServletBean - Initializing Servlet 'dispatcherServlet'
19-03-2022 17:44:01.387[http-nio-8080-exec-2]INFO o.s.w.s.DispatcherServlet.initServletBean - Completed initialization in 1 ms
19-03-2022 17:46:26.229[SpringApplicationShutdownHook]INFO o.s.o.j.LocalContainerEntityManagerFactoryBean.destroy - Closing JPA EntityManagerFactory for persistence unit 'default'
19-03-2022 17:46:26.231[SpringApplicationShutdownHook]INFO c.z.h.HikariDataSource.close - HikariPool-1 - Shutdown initiated...
19-03-2022 17:46:26.241[SpringApplicationShutdownHook]INFO c.z.h.HikariDataSource.close - HikariPool-1 - Shutdown completed.
